#
# There is insufficient memory for the Java Runtime Environment to continue.
# Native memory allocation (malloc) failed to allocate 681456 bytes. Error detail: Chunk::new
# Possible reasons:
#   The system is out of physical RAM or swap space
#   This process is running with CompressedOops enabled, and the Java Heap may be blocking the growth of the native heap
# Possible solutions:
#   Reduce memory load on the system
#   Increase physical memory or swap space
#   Check if swap backing store is full
#   Decrease Java heap size (-Xmx/-Xms)
#   Decrease number of Java threads
#   Decrease Java thread stack sizes (-Xss)
#   Set larger code cache with -XX:ReservedCodeCacheSize=
#   JVM is running with Unscaled Compressed Oops mode in which the Java heap is
#     placed in the first 4GB address space. The Java Heap base address is the
#     maximum limit for the native heap growth. Please use -XX:HeapBaseMinAddress
#     to set the Java Heap base and to place the Java Heap above 4GB virtual address.
# This output file may be truncated or incomplete.
#
#  Out of Memory Error (arena.cpp:150), pid=24716, tid=21988
#
# JRE version: OpenJDK Runtime Environment (22.0.1+8) (build 22.0.1+8-16)
# Java VM: OpenJDK 64-Bit Server VM (22.0.1+8-16, mixed mode, sharing, tiered, compressed oops, compressed class ptrs, g1 gc, windows-amd64)
# No core dump will be written. Minidumps are not enabled by default on client versions of Windows
#

---------------  S U M M A R Y ------------

Command Line: -Dmaven.multiModuleProjectDirectory=C:\Users\HUAWEI\Desktop\sirine hamzaoui\PiJava -Djansi.passthrough=true -Dmaven.home=C:\Users\HUAWEI\.m2\wrapper\dists\apache-maven-3.8.5-bin\5i5jha092a3i37g0paqnfr15e0\apache-maven-3.8.5 -Dclassworlds.conf=C:\Users\HUAWEI\.m2\wrapper\dists\apache-maven-3.8.5-bin\5i5jha092a3i37g0paqnfr15e0\apache-maven-3.8.5\bin\m2.conf -Dmaven.ext.class.path=D:\Program Files\JetBrains\IntelliJ IDEA 2023.2.1\plugins\maven\lib\maven-event-listener.jar -javaagent:D:\Program Files\JetBrains\IntelliJ IDEA 2023.2.1\lib\idea_rt.jar=28339:D:\Program Files\JetBrains\IntelliJ IDEA 2023.2.1\bin -Dfile.encoding=UTF-8 -Dsun.stdout.encoding=UTF-8 -Dsun.stderr.encoding=UTF-8 org.codehaus.classworlds.Launcher -Didea.version=2023.2.1 org.openjfx:javafx-maven-plugin:0.0.8:run

Host: Intel(R) Core(TM) i3-10110U CPU @ 2.10GHz, 4 cores, 7G,  Windows 11 , 64 bit Build 22621 (10.0.22621.3374)
Time: Thu Apr 25 01:39:57 2024 UTC-11 elapsed time: 6.437389 seconds (0d 0h 0m 6s)

---------------  T H R E A D  ---------------

Current thread (0x0000020a0ab27340):  JavaThread "C2 CompilerThread1" daemon [_thread_in_native, id=21988, stack(0x0000001f9eb00000,0x0000001f9ec00000) (1024K)]


Current CompileTask:
C2:6437 4292   !   4       com.google.inject.spi.InjectionPoint::getInjectionPoints (489 bytes)

Stack: [0x0000001f9eb00000,0x0000001f9ec00000]
Native frames: (J=compiled Java code, j=interpreted, Vv=VM code, C=native code)
V  [jvm.dll+0x6e2279]  (no source info available)
V  [jvm.dll+0x874e33]  (no source info available)
V  [jvm.dll+0x87725e]  (no source info available)
V  [jvm.dll+0x877933]  (no source info available)
V  [jvm.dll+0x27fd76]  (no source info available)
V  [jvm.dll+0xc3d0f]  (no source info available)
V  [jvm.dll+0xc3f6b]  (no source info available)
V  [jvm.dll+0x2f3c2f]  (no source info available)
V  [jvm.dll+0x60bc9a]  (no source info available)
V  [jvm.dll+0x250db2]  (no source info available)
V  [jvm.dll+0x248e2e]  (no source info available)
V  [jvm.dll+0x246ec6]  (no source info available)
V  [jvm.dll+0x1c4e90]  (no source info available)
V  [jvm.dll+0x2569fe]  (no source info available)
V  [jvm.dll+0x254cba]  (no source info available)
V  [jvm.dll+0x3f5336]  (no source info available)
V  [jvm.dll+0x81d44b]  (no source info available)
V  [jvm.dll+0x6e0915]  (no source info available)
C  [ucrtbase.dll+0x29333]  (no source info available)
C  [KERNEL32.DLL+0x1257d]  (no source info available)
C  [ntdll.dll+0x5aa48]  (no source info available)


---------------  P R O C E S S  ---------------

Threads class SMR info:
_java_thread_list=0x0000020a0b62d390, length=14, elements={
0x00000209a825ffb0, 0x00000209c419d030, 0x00000209c419e8a0, 0x00000209c41a5d90,
0x00000209c41a8800, 0x00000209c41a9260, 0x00000209c41aacd0, 0x00000209c41aba60,
0x00000209c41d7df0, 0x00000209c416c5d0, 0x00000209c457b400, 0x00000209c4584f90,
0x0000020a0ab27340, 0x0000020a0b6522f0
}

Java Threads: ( => current thread )
  0x00000209a825ffb0 JavaThread "main"                              [_thread_in_native, id=11688, stack(0x0000001f9d500000,0x0000001f9d600000) (1024K)]
  0x00000209c419d030 JavaThread "Reference Handler"          daemon [_thread_blocked, id=20996, stack(0x0000001f9dd00000,0x0000001f9de00000) (1024K)]
  0x00000209c419e8a0 JavaThread "Finalizer"                  daemon [_thread_blocked, id=19036, stack(0x0000001f9de00000,0x0000001f9df00000) (1024K)]
  0x00000209c41a5d90 JavaThread "Signal Dispatcher"          daemon [_thread_blocked, id=10124, stack(0x0000001f9df00000,0x0000001f9e000000) (1024K)]
  0x00000209c41a8800 JavaThread "Attach Listener"            daemon [_thread_blocked, id=3676, stack(0x0000001f9e000000,0x0000001f9e100000) (1024K)]
  0x00000209c41a9260 JavaThread "Service Thread"             daemon [_thread_blocked, id=8388, stack(0x0000001f9e100000,0x0000001f9e200000) (1024K)]
  0x00000209c41aacd0 JavaThread "Monitor Deflation Thread"   daemon [_thread_blocked, id=21444, stack(0x0000001f9e200000,0x0000001f9e300000) (1024K)]
  0x00000209c41aba60 JavaThread "C2 CompilerThread0"         daemon [_thread_blocked, id=18772, stack(0x0000001f9e300000,0x0000001f9e400000) (1024K)]
  0x00000209c41d7df0 JavaThread "C1 CompilerThread0"         daemon [_thread_blocked, id=6872, stack(0x0000001f9e400000,0x0000001f9e500000) (1024K)]
  0x00000209c416c5d0 JavaThread "Common-Cleaner"             daemon [_thread_blocked, id=21632, stack(0x0000001f9e500000,0x0000001f9e600000) (1024K)]
  0x00000209c457b400 JavaThread "Monitor Ctrl-Break"         daemon [_thread_in_native, id=16656, stack(0x0000001f9e600000,0x0000001f9e700000) (1024K)]
  0x00000209c4584f90 JavaThread "Notification Thread"        daemon [_thread_blocked, id=7252, stack(0x0000001f9e700000,0x0000001f9e800000) (1024K)]
=>0x0000020a0ab27340 JavaThread "C2 CompilerThread1"         daemon [_thread_in_native, id=21988, stack(0x0000001f9eb00000,0x0000001f9ec00000) (1024K)]
  0x0000020a0b6522f0 JavaThread "Exec Input Stream Pumper"   daemon [_thread_blocked, id=18300, stack(0x0000001f9ee00000,0x0000001f9ef00000) (1024K)]
Total: 14

Other Threads:
  0x00000209c41823a0 VMThread "VM Thread"                           [id=6896, stack(0x0000001f9dc00000,0x0000001f9dd00000) (1024K)]
  0x00000209c416aa70 WatcherThread "VM Periodic Task Thread"        [id=13344, stack(0x0000001f9db00000,0x0000001f9dc00000) (1024K)]
  0x00000209a82b66e0 WorkerThread "GC Thread#0"                     [id=17880, stack(0x0000001f9d600000,0x0000001f9d700000) (1024K)]
  0x00000209c4d27520 WorkerThread "GC Thread#1"                     [id=8784, stack(0x0000001f9e800000,0x0000001f9e900000) (1024K)]
  0x00000209c49a06c0 WorkerThread "GC Thread#2"                     [id=20068, stack(0x0000001f9e900000,0x0000001f9ea00000) (1024K)]
  0x00000209c4ceed70 WorkerThread "GC Thread#3"                     [id=17080, stack(0x0000001f9ea00000,0x0000001f9eb00000) (1024K)]
  0x00000209a627de70 ConcurrentGCThread "G1 Main Marker"            [id=17500, stack(0x0000001f9d700000,0x0000001f9d800000) (1024K)]
  0x00000209a627e980 WorkerThread "G1 Conc#0"                       [id=5036, stack(0x0000001f9d800000,0x0000001f9d900000) (1024K)]
  0x00000209c403e530 ConcurrentGCThread "G1 Refine#0"               [id=16276, stack(0x0000001f9d900000,0x0000001f9da00000) (1024K)]
  0x00000209c4041820 ConcurrentGCThread "G1 Service"                [id=10944, stack(0x0000001f9da00000,0x0000001f9db00000) (1024K)]
Total: 10

Threads with active compile tasks:
C2 CompilerThread1  6517 4292   !   4       com.google.inject.spi.InjectionPoint::getInjectionPoints (489 bytes)
Total: 1

VM state: not at safepoint (normal execution)

VM Mutex/Monitor currently owned by a thread: None

Heap address: 0x0000000082800000, size: 2008 MB, Compressed Oops mode: 32-bit

CDS archive(s) mapped at: [0x00000209c5000000-0x00000209c5c50000-0x00000209c5c50000), size 12910592, SharedBaseAddress: 0x00000209c5000000, ArchiveRelocationMode: 1.
Compressed class space mapped at: 0x00000209c6000000-0x0000020a06000000, reserved size: 1073741824
Narrow klass base: 0x00000209c5000000, Narrow klass shift: 0, Narrow klass range: 0x41000000

GC Precious Log:
 CardTable entry size: 512
 Card Set container configuration: InlinePtr #cards 5 size 8 Array Of Cards #cards 12 size 40 Howl #buckets 4 coarsen threshold 1843 Howl Bitmap #cards 512 size 80 coarsen threshold 460 Card regions per heap region 1 cards per card region 2048
 CPUs: 4 total, 4 available
 Memory: 8025M
 Large Page Support: Disabled
 NUMA Support: Disabled
 Compressed Oops: Enabled (32-bit)
 Heap Region Size: 1M
 Heap Min Capacity: 8M
 Heap Initial Capacity: 126M
 Heap Max Capacity: 2008M
 Pre-touch: Disabled
 Parallel Workers: 4
 Concurrent Workers: 1
 Concurrent Refinement Workers: 4
 Periodic GC: Disabled

Heap:
 garbage-first heap   total reserved 2056192K, committed 129024K, used 60173K [0x0000000082800000, 0x0000000100000000)
  region size 1024K, 56 young (57344K), 6 survivors (6144K)
 Metaspace       used 17708K, committed 18048K, reserved 1114112K
  class space    used 2011K, committed 2176K, reserved 1048576K

Heap Regions: E=young(eden), S=young(survivor), O=old, HS=humongous(starts), HC=humongous(continues), CS=collection set, F=free, TAMS=top-at-mark-start, PB=parsable bottom
|   0|0x0000000082800000, 0x0000000082900000, 0x0000000082900000|100%| O|  |TAMS 0x0000000082800000| PB 0x0000000082800000| Untracked |  0
|   1|0x0000000082900000, 0x0000000082a00000, 0x0000000082a00000|100%| O|  |TAMS 0x0000000082900000| PB 0x0000000082900000| Untracked |  0
|   2|0x0000000082a00000, 0x0000000082b00000, 0x0000000082b00000|100%| O|  |TAMS 0x0000000082a00000| PB 0x0000000082a00000| Untracked |  0
|   3|0x0000000082b00000, 0x0000000082bd6758, 0x0000000082c00000| 83%| O|  |TAMS 0x0000000082b00000| PB 0x0000000082b00000| Untracked |  0
|   4|0x0000000082c00000, 0x0000000082c00000, 0x0000000082d00000|  0%| F|  |TAMS 0x0000000082c00000| PB 0x0000000082c00000| Untracked |  0
|   5|0x0000000082d00000, 0x0000000082d00000, 0x0000000082e00000|  0%| F|  |TAMS 0x0000000082d00000| PB 0x0000000082d00000| Untracked |  0
|   6|0x0000000082e00000, 0x0000000082e00000, 0x0000000082f00000|  0%| F|  |TAMS 0x0000000082e00000| PB 0x0000000082e00000| Untracked |  0
|   7|0x0000000082f00000, 0x0000000082f00000, 0x0000000083000000|  0%| F|  |TAMS 0x0000000082f00000| PB 0x0000000082f00000| Untracked |  0
|   8|0x0000000083000000, 0x0000000083000000, 0x0000000083100000|  0%| F|  |TAMS 0x0000000083000000| PB 0x0000000083000000| Untracked |  0
|   9|0x0000000083100000, 0x0000000083100000, 0x0000000083200000|  0%| F|  |TAMS 0x0000000083100000| PB 0x0000000083100000| Untracked |  0
|  10|0x0000000083200000, 0x0000000083200000, 0x0000000083300000|  0%| F|  |TAMS 0x0000000083200000| PB 0x0000000083200000| Untracked |  0
|  11|0x0000000083300000, 0x0000000083300000, 0x0000000083400000|  0%| F|  |TAMS 0x0000000083300000| PB 0x0000000083300000| Untracked |  0
|  12|0x0000000083400000, 0x0000000083400000, 0x0000000083500000|  0%| F|  |TAMS 0x0000000083400000| PB 0x0000000083400000| Untracked |  0
|  13|0x0000000083500000, 0x0000000083500000, 0x0000000083600000|  0%| F|  |TAMS 0x0000000083500000| PB 0x0000000083500000| Untracked |  0
|  14|0x0000000083600000, 0x0000000083600000, 0x0000000083700000|  0%| F|  |TAMS 0x0000000083600000| PB 0x0000000083600000| Untracked |  0
|  15|0x0000000083700000, 0x0000000083700000, 0x0000000083800000|  0%| F|  |TAMS 0x0000000083700000| PB 0x0000000083700000| Untracked |  0
|  16|0x0000000083800000, 0x0000000083800000, 0x0000000083900000|  0%| F|  |TAMS 0x0000000083800000| PB 0x0000000083800000| Untracked |  0
|  17|0x0000000083900000, 0x0000000083900000, 0x0000000083a00000|  0%| F|  |TAMS 0x0000000083900000| PB 0x0000000083900000| Untracked |  0
|  18|0x0000000083a00000, 0x0000000083a00000, 0x0000000083b00000|  0%| F|  |TAMS 0x0000000083a00000| PB 0x0000000083a00000| Untracked |  0
|  19|0x0000000083b00000, 0x0000000083b00000, 0x0000000083c00000|  0%| F|  |TAMS 0x0000000083b00000| PB 0x0000000083b00000| Untracked |  0
|  20|0x0000000083c00000, 0x0000000083c00000, 0x0000000083d00000|  0%| F|  |TAMS 0x0000000083c00000| PB 0x0000000083c00000| Untracked |  0
|  21|0x0000000083d00000, 0x0000000083d00000, 0x0000000083e00000|  0%| F|  |TAMS 0x0000000083d00000| PB 0x0000000083d00000| Untracked |  0
|  22|0x0000000083e00000, 0x0000000083e00000, 0x0000000083f00000|  0%| F|  |TAMS 0x0000000083e00000| PB 0x0000000083e00000| Untracked |  0
|  23|0x0000000083f00000, 0x0000000083f00000, 0x0000000084000000|  0%| F|  |TAMS 0x0000000083f00000| PB 0x0000000083f00000| Untracked |  0
|  24|0x0000000084000000, 0x0000000084000000, 0x0000000084100000|  0%| F|  |TAMS 0x0000000084000000| PB 0x0000000084000000| Untracked |  0
|  25|0x0000000084100000, 0x0000000084100000, 0x0000000084200000|  0%| F|  |TAMS 0x0000000084100000| PB 0x0000000084100000| Untracked |  0
|  26|0x0000000084200000, 0x0000000084200000, 0x0000000084300000|  0%| F|  |TAMS 0x0000000084200000| PB 0x0000000084200000| Untracked |  0
|  27|0x0000000084300000, 0x0000000084300000, 0x0000000084400000|  0%| F|  |TAMS 0x0000000084300000| PB 0x0000000084300000| Untracked |  0
|  28|0x0000000084400000, 0x0000000084400000, 0x0000000084500000|  0%| F|  |TAMS 0x0000000084400000| PB 0x0000000084400000| Untracked |  0
|  29|0x0000000084500000, 0x0000000084500000, 0x0000000084600000|  0%| F|  |TAMS 0x0000000084500000| PB 0x0000000084500000| Untracked |  0
|  30|0x0000000084600000, 0x0000000084600000, 0x0000000084700000|  0%| F|  |TAMS 0x0000000084600000| PB 0x0000000084600000| Untracked |  0
|  31|0x0000000084700000, 0x0000000084700000, 0x0000000084800000|  0%| F|  |TAMS 0x0000000084700000| PB 0x0000000084700000| Untracked |  0
|  32|0x0000000084800000, 0x0000000084800000, 0x0000000084900000|  0%| F|  |TAMS 0x0000000084800000| PB 0x0000000084800000| Untracked |  0
|  33|0x0000000084900000, 0x0000000084900000, 0x0000000084a00000|  0%| F|  |TAMS 0x0000000084900000| PB 0x0000000084900000| Untracked |  0
|  34|0x0000000084a00000, 0x0000000084a00000, 0x0000000084b00000|  0%| F|  |TAMS 0x0000000084a00000| PB 0x0000000084a00000| Untracked |  0
|  35|0x0000000084b00000, 0x0000000084b00000, 0x0000000084c00000|  0%| F|  |TAMS 0x0000000084b00000| PB 0x0000000084b00000| Untracked |  0
|  36|0x0000000084c00000, 0x0000000084c00000, 0x0000000084d00000|  0%| F|  |TAMS 0x0000000084c00000| PB 0x0000000084c00000| Untracked |  0
|  37|0x0000000084d00000, 0x0000000084d00000, 0x0000000084e00000|  0%| F|  |TAMS 0x0000000084d00000| PB 0x0000000084d00000| Untracked |  0
|  38|0x0000000084e00000, 0x0000000084e00000, 0x0000000084f00000|  0%| F|  |TAMS 0x0000000084e00000| PB 0x0000000084e00000| Untracked |  0
|  39|0x0000000084f00000, 0x0000000084f00000, 0x0000000085000000|  0%| F|  |TAMS 0x0000000084f00000| PB 0x0000000084f00000| Untracked |  0
|  40|0x0000000085000000, 0x0000000085000000, 0x0000000085100000|  0%| F|  |TAMS 0x0000000085000000| PB 0x0000000085000000| Untracked |  0
|  41|0x0000000085100000, 0x0000000085100000, 0x0000000085200000|  0%| F|  |TAMS 0x0000000085100000| PB 0x0000000085100000| Untracked |  0
|  42|0x0000000085200000, 0x0000000085200000, 0x0000000085300000|  0%| F|  |TAMS 0x0000000085200000| PB 0x0000000085200000| Untracked |  0
|  43|0x0000000085300000, 0x0000000085300000, 0x0000000085400000|  0%| F|  |TAMS 0x0000000085300000| PB 0x0000000085300000| Untracked |  0
|  44|0x0000000085400000, 0x0000000085400000, 0x0000000085500000|  0%| F|  |TAMS 0x0000000085400000| PB 0x0000000085400000| Untracked |  0
|  45|0x0000000085500000, 0x00000000855ecf80, 0x0000000085600000| 92%| S|CS|TAMS 0x0000000085500000| PB 0x0000000085500000| Complete |  0
|  46|0x0000000085600000, 0x0000000085700000, 0x0000000085700000|100%| S|CS|TAMS 0x0000000085600000| PB 0x0000000085600000| Complete |  0
|  47|0x0000000085700000, 0x0000000085800000, 0x0000000085800000|100%| S|CS|TAMS 0x0000000085700000| PB 0x0000000085700000| Complete |  0
|  48|0x0000000085800000, 0x0000000085900000, 0x0000000085900000|100%| S|CS|TAMS 0x0000000085800000| PB 0x0000000085800000| Complete |  0
|  49|0x0000000085900000, 0x0000000085a00000, 0x0000000085a00000|100%| S|CS|TAMS 0x0000000085900000| PB 0x0000000085900000| Complete |  0
|  50|0x0000000085a00000, 0x0000000085b00000, 0x0000000085b00000|100%| S|CS|TAMS 0x0000000085a00000| PB 0x0000000085a00000| Complete |  0
|  51|0x0000000085b00000, 0x0000000085b00000, 0x0000000085c00000|  0%| F|  |TAMS 0x0000000085b00000| PB 0x0000000085b00000| Untracked |  0
|  52|0x0000000085c00000, 0x0000000085c00000, 0x0000000085d00000|  0%| F|  |TAMS 0x0000000085c00000| PB 0x0000000085c00000| Untracked |  0
|  53|0x0000000085d00000, 0x0000000085d00000, 0x0000000085e00000|  0%| F|  |TAMS 0x0000000085d00000| PB 0x0000000085d00000| Untracked |  0
|  54|0x0000000085e00000, 0x0000000085e00000, 0x0000000085f00000|  0%| F|  |TAMS 0x0000000085e00000| PB 0x0000000085e00000| Untracked |  0
|  55|0x0000000085f00000, 0x0000000085f00000, 0x0000000086000000|  0%| F|  |TAMS 0x0000000085f00000| PB 0x0000000085f00000| Untracked |  0
|  56|0x0000000086000000, 0x0000000086000000, 0x0000000086100000|  0%| F|  |TAMS 0x0000000086000000| PB 0x0000000086000000| Untracked |  0
|  57|0x0000000086100000, 0x0000000086100000, 0x0000000086200000|  0%| F|  |TAMS 0x0000000086100000| PB 0x0000000086100000| Untracked |  0
|  58|0x0000000086200000, 0x0000000086200000, 0x0000000086300000|  0%| F|  |TAMS 0x0000000086200000| PB 0x0000000086200000| Untracked |  0
|  59|0x0000000086300000, 0x0000000086300000, 0x0000000086400000|  0%| F|  |TAMS 0x0000000086300000| PB 0x0000000086300000| Untracked |  0
|  60|0x0000000086400000, 0x0000000086400000, 0x0000000086500000|  0%| F|  |TAMS 0x0000000086400000| PB 0x0000000086400000| Untracked |  0
|  61|0x0000000086500000, 0x0000000086500000, 0x0000000086600000|  0%| F|  |TAMS 0x0000000086500000| PB 0x0000000086500000| Untracked |  0
|  62|0x0000000086600000, 0x0000000086600000, 0x0000000086700000|  0%| F|  |TAMS 0x0000000086600000| PB 0x0000000086600000| Untracked |  0
|  63|0x0000000086700000, 0x0000000086700000, 0x0000000086800000|  0%| F|  |TAMS 0x0000000086700000| PB 0x0000000086700000| Untracked |  0
|  64|0x0000000086800000, 0x0000000086800000, 0x0000000086900000|  0%| F|  |TAMS 0x0000000086800000| PB 0x0000000086800000| Untracked |  0
|  65|0x0000000086900000, 0x0000000086900000, 0x0000000086a00000|  0%| F|  |TAMS 0x0000000086900000| PB 0x0000000086900000| Untracked |  0
|  66|0x0000000086a00000, 0x0000000086a00000, 0x0000000086b00000|  0%| F|  |TAMS 0x0000000086a00000| PB 0x0000000086a00000| Untracked |  0
|  67|0x0000000086b00000, 0x0000000086b00000, 0x0000000086c00000|  0%| F|  |TAMS 0x0000000086b00000| PB 0x0000000086b00000| Untracked |  0
|  68|0x0000000086c00000, 0x0000000086c00000, 0x0000000086d00000|  0%| F|  |TAMS 0x0000000086c00000| PB 0x0000000086c00000| Untracked |  0
|  69|0x0000000086d00000, 0x0000000086d00000, 0x0000000086e00000|  0%| F|  |TAMS 0x0000000086d00000| PB 0x0000000086d00000| Untracked |  0
|  70|0x0000000086e00000, 0x0000000086e00000, 0x0000000086f00000|  0%| F|  |TAMS 0x0000000086e00000| PB 0x0000000086e00000| Untracked |  0
|  71|0x0000000086f00000, 0x0000000086f00000, 0x0000000087000000|  0%| F|  |TAMS 0x0000000086f00000| PB 0x0000000086f00000| Untracked |  0
|  72|0x0000000087000000, 0x0000000087000000, 0x0000000087100000|  0%| F|  |TAMS 0x0000000087000000| PB 0x0000000087000000| Untracked |  0
|  73|0x0000000087100000, 0x0000000087100000, 0x0000000087200000|  0%| F|  |TAMS 0x0000000087100000| PB 0x0000000087100000| Untracked |  0
|  74|0x0000000087200000, 0x0000000087200000, 0x0000000087300000|  0%| F|  |TAMS 0x0000000087200000| PB 0x0000000087200000| Untracked |  0
|  75|0x0000000087300000, 0x0000000087300000, 0x0000000087400000|  0%| F|  |TAMS 0x0000000087300000| PB 0x0000000087300000| Untracked |  0
|  76|0x0000000087400000, 0x0000000087458590, 0x0000000087500000| 34%| E|  |TAMS 0x0000000087400000| PB 0x0000000087400000| Complete |  0
|  77|0x0000000087500000, 0x0000000087600000, 0x0000000087600000|100%| E|CS|TAMS 0x0000000087500000| PB 0x0000000087500000| Complete |  0
|  78|0x0000000087600000, 0x0000000087700000, 0x0000000087700000|100%| E|CS|TAMS 0x0000000087600000| PB 0x0000000087600000| Complete |  0
|  79|0x0000000087700000, 0x0000000087800000, 0x0000000087800000|100%| E|CS|TAMS 0x0000000087700000| PB 0x0000000087700000| Complete |  0
|  80|0x0000000087800000, 0x0000000087900000, 0x0000000087900000|100%| E|CS|TAMS 0x0000000087800000| PB 0x0000000087800000| Complete |  0
|  81|0x0000000087900000, 0x0000000087a00000, 0x0000000087a00000|100%| E|CS|TAMS 0x0000000087900000| PB 0x0000000087900000| Complete |  0
|  82|0x0000000087a00000, 0x0000000087b00000, 0x0000000087b00000|100%| E|CS|TAMS 0x0000000087a00000| PB 0x0000000087a00000| Complete |  0
|  83|0x0000000087b00000, 0x0000000087c00000, 0x0000000087c00000|100%| E|CS|TAMS 0x0000000087b00000| PB 0x0000000087b00000| Complete |  0
|  84|0x0000000087c00000, 0x0000000087d00000, 0x0000000087d00000|100%| E|CS|TAMS 0x0000000087c00000| PB 0x0000000087c00000| Complete |  0
|  85|0x0000000087d00000, 0x0000000087e00000, 0x0000000087e00000|100%| E|CS|TAMS 0x0000000087d00000| PB 0x0000000087d00000| Complete |  0
|  86|0x0000000087e00000, 0x0000000087f00000, 0x0000000087f00000|100%| E|CS|TAMS 0x0000000087e00000| PB 0x0000000087e00000| Complete |  0
|  87|0x0000000087f00000, 0x0000000088000000, 0x0000000088000000|100%| E|CS|TAMS 0x0000000087f00000| PB 0x0000000087f00000| Complete |  0
|  88|0x0000000088000000, 0x0000000088100000, 0x0000000088100000|100%| E|CS|TAMS 0x0000000088000000| PB 0x0000000088000000| Complete |  0
|  89|0x0000000088100000, 0x0000000088200000, 0x0000000088200000|100%| E|CS|TAMS 0x0000000088100000| PB 0x0000000088100000| Complete |  0
|  90|0x0000000088200000, 0x0000000088300000, 0x0000000088300000|100%| E|CS|TAMS 0x0000000088200000| PB 0x0000000088200000| Complete |  0
|  91|0x0000000088300000, 0x0000000088400000, 0x0000000088400000|100%| E|CS|TAMS 0x0000000088300000| PB 0x0000000088300000| Complete |  0
|  92|0x0000000088400000, 0x0000000088500000, 0x0000000088500000|100%| E|CS|TAMS 0x0000000088400000| PB 0x0000000088400000| Complete |  0
|  93|0x0000000088500000, 0x0000000088600000, 0x0000000088600000|100%| E|CS|TAMS 0x0000000088500000| PB 0x0000000088500000| Complete |  0
|  94|0x0000000088600000, 0x0000000088700000, 0x0000000088700000|100%| E|CS|TAMS 0x0000000088600000| PB 0x0000000088600000| Complete |  0
|  95|0x0000000088700000, 0x0000000088800000, 0x0000000088800000|100%| E|CS|TAMS 0x0000000088700000| PB 0x0000000088700000| Complete |  0
|  96|0x0000000088800000, 0x0000000088900000, 0x0000000088900000|100%| E|CS|TAMS 0x0000000088800000| PB 0x0000000088800000| Complete |  0
|  97|0x0000000088900000, 0x0000000088a00000, 0x0000000088a00000|100%| E|CS|TAMS 0x0000000088900000| PB 0x0000000088900000| Complete |  0
|  98|0x0000000088a00000, 0x0000000088b00000, 0x0000000088b00000|100%| E|CS|TAMS 0x0000000088a00000| PB 0x0000000088a00000| Complete |  0
|  99|0x0000000088b00000, 0x0000000088c00000, 0x0000000088c00000|100%| E|CS|TAMS 0x0000000088b00000| PB 0x0000000088b00000| Complete |  0
| 100|0x0000000088c00000, 0x0000000088d00000, 0x0000000088d00000|100%| E|CS|TAMS 0x0000000088c00000| PB 0x0000000088c00000| Complete |  0
| 101|0x0000000088d00000, 0x0000000088e00000, 0x0000000088e00000|100%| E|CS|TAMS 0x0000000088d00000| PB 0x0000000088d00000| Complete |  0
| 102|0x0000000088e00000, 0x0000000088f00000, 0x0000000088f00000|100%| E|CS|TAMS 0x0000000088e00000| PB 0x0000000088e00000| Complete |  0
| 103|0x0000000088f00000, 0x0000000089000000, 0x0000000089000000|100%| E|CS|TAMS 0x0000000088f00000| PB 0x0000000088f00000| Complete |  0
| 104|0x0000000089000000, 0x0000000089100000, 0x0000000089100000|100%| E|CS|TAMS 0x0000000089000000| PB 0x0000000089000000| Complete |  0
| 105|0x0000000089100000, 0x0000000089200000, 0x0000000089200000|100%| E|CS|TAMS 0x0000000089100000| PB 0x0000000089100000| Complete |  0
| 106|0x0000000089200000, 0x0000000089300000, 0x0000000089300000|100%| E|CS|TAMS 0x0000000089200000| PB 0x0000000089200000| Complete |  0
| 107|0x0000000089300000, 0x0000000089400000, 0x0000000089400000|100%| E|CS|TAMS 0x0000000089300000| PB 0x0000000089300000| Complete |  0
| 108|0x0000000089400000, 0x0000000089500000, 0x0000000089500000|100%| E|CS|TAMS 0x0000000089400000| PB 0x0000000089400000| Complete |  0
| 109|0x0000000089500000, 0x0000000089600000, 0x0000000089600000|100%| E|CS|TAMS 0x0000000089500000| PB 0x0000000089500000| Complete |  0
| 110|0x0000000089600000, 0x0000000089700000, 0x0000000089700000|100%| E|CS|TAMS 0x0000000089600000| PB 0x0000000089600000| Complete |  0
| 111|0x0000000089700000, 0x0000000089800000, 0x0000000089800000|100%| E|CS|TAMS 0x0000000089700000| PB 0x0000000089700000| Complete |  0
| 112|0x0000000089800000, 0x0000000089900000, 0x0000000089900000|100%| E|CS|TAMS 0x0000000089800000| PB 0x0000000089800000| Complete |  0
| 113|0x0000000089900000, 0x0000000089a00000, 0x0000000089a00000|100%| E|CS|TAMS 0x0000000089900000| PB 0x0000000089900000| Complete |  0
| 114|0x0000000089a00000, 0x0000000089b00000, 0x0000000089b00000|100%| E|CS|TAMS 0x0000000089a00000| PB 0x0000000089a00000| Complete |  0
| 115|0x0000000089b00000, 0x0000000089c00000, 0x0000000089c00000|100%| E|CS|TAMS 0x0000000089b00000| PB 0x0000000089b00000| Complete |  0
| 116|0x0000000089c00000, 0x0000000089d00000, 0x0000000089d00000|100%| E|CS|TAMS 0x0000000089c00000| PB 0x0000000089c00000| Complete |  0
| 117|0x0000000089d00000, 0x0000000089e00000, 0x0000000089e00000|100%| E|CS|TAMS 0x0000000089d00000| PB 0x0000000089d00000| Complete |  0
| 118|0x0000000089e00000, 0x0000000089f00000, 0x0000000089f00000|100%| E|CS|TAMS 0x0000000089e00000| PB 0x0000000089e00000| Complete |  0
| 119|0x0000000089f00000, 0x000000008a000000, 0x000000008a000000|100%| E|CS|TAMS 0x0000000089f00000| PB 0x0000000089f00000| Complete |  0
| 120|0x000000008a000000, 0x000000008a100000, 0x000000008a100000|100%| E|CS|TAMS 0x000000008a000000| PB 0x000000008a000000| Complete |  0
| 121|0x000000008a100000, 0x000000008a200000, 0x000000008a200000|100%| E|CS|TAMS 0x000000008a100000| PB 0x000000008a100000| Complete |  0
| 122|0x000000008a200000, 0x000000008a300000, 0x000000008a300000|100%| E|CS|TAMS 0x000000008a200000| PB 0x000000008a200000| Complete |  0
| 123|0x000000008a300000, 0x000000008a400000, 0x000000008a400000|100%| E|CS|TAMS 0x000000008a300000| PB 0x000000008a300000| Complete |  0
| 124|0x000000008a400000, 0x000000008a500000, 0x000000008a500000|100%| E|CS|TAMS 0x000000008a400000| PB 0x000000008a400000| Complete |  0
| 125|0x000000008a500000, 0x000000008a600000, 0x000000008a600000|100%| E|CS|TAMS 0x000000008a500000| PB 0x000000008a500000| Complete |  0

Card table byte_map: [0x00000209bf990000,0x00000209bfd80000] _byte_map_base: 0x00000209bf57c000

Marking Bits: (CMBitMap*) 0x00000209a82b6df0
 Bits: [0x00000209bfd80000, 0x00000209c1ce0000)

Polling page: 0x00000209a6160000

Metaspace:

Usage:
  Non-class:     15.33 MB used.
      Class:      1.96 MB used.
       Both:     17.29 MB used.

Virtual space:
  Non-class space:       64.00 MB reserved,      15.50 MB ( 24%) committed,  1 nodes.
      Class space:        1.00 GB reserved,       2.12 MB ( <1%) committed,  1 nodes.
             Both:        1.06 GB reserved,      17.62 MB (  2%) committed. 

Chunk freelists:
   Non-Class:  15.88 MB
       Class:  13.85 MB
        Both:  29.72 MB

MaxMetaspaceSize: unlimited
CompressedClassSpaceSize: 1.00 GB
Initial GC threshold: 21.00 MB
Current GC threshold: 21.00 MB
CDS: on
 - commit_granule_bytes: 65536.
 - commit_granule_words: 8192.
 - virtual_space_node_default_size: 8388608.
 - enlarge_chunks_in_place: 1.
 - use_allocation_guard: 0.


Internal statistics:

num_allocs_failed_limit: 0.
num_arena_births: 286.
num_arena_deaths: 0.
num_vsnodes_births: 2.
num_vsnodes_deaths: 0.
num_space_committed: 282.
num_space_uncommitted: 0.
num_chunks_returned_to_freelist: 0.
num_chunks_taken_from_freelist: 850.
num_chunk_merges: 0.
num_chunk_splits: 619.
num_chunks_enlarged: 488.
num_inconsistent_stats: 0.

CodeHeap 'non-profiled nmethods': size=120000Kb used=2231Kb max_used=2231Kb free=117768Kb
 bounds [0x00000209b8070000, 0x00000209b82e0000, 0x00000209bf5a0000]
CodeHeap 'profiled nmethods': size=120000Kb used=8796Kb max_used=8796Kb free=111203Kb
 bounds [0x00000209b05a0000, 0x00000209b0e40000, 0x00000209b7ad0000]
CodeHeap 'non-nmethods': size=5760Kb used=1428Kb max_used=1498Kb free=4331Kb
 bounds [0x00000209b7ad0000, 0x00000209b7d40000, 0x00000209b8070000]
 total_blobs=4893 nmethods=4377 adapters=420
 compilation: enabled
              stopped_count=0, restarted_count=0
 full_count=0

Compilation events (20 events):
Event: 6.284 Thread 0x00000209c41d7df0 nmethod 4366 0x00000209b0e2c790 code [0x00000209b0e2ce40, 0x00000209b0e30de0]
Event: 6.284 Thread 0x00000209c41d7df0 4367       3       java.lang.ClassLoader::definePackage (53 bytes)
Event: 6.285 Thread 0x00000209c41d7df0 nmethod 4367 0x00000209b0e32710 code [0x00000209b0e32900, 0x00000209b0e32e60]
Event: 6.288 Thread 0x00000209c41d7df0 4368       3       java.lang.ProcessEnvironment$CheckedEntry::getKey (5 bytes)
Event: 6.289 Thread 0x00000209c41d7df0 nmethod 4368 0x00000209b0e33110 code [0x00000209b0e332c0, 0x00000209b0e335c8]
Event: 6.289 Thread 0x00000209c41d7df0 4369       3       java.lang.ProcessEnvironment$CheckedEntry::getKey (13 bytes)
Event: 6.289 Thread 0x00000209c41d7df0 nmethod 4369 0x00000209b0e33710 code [0x00000209b0e338c0, 0x00000209b0e33b68]
Event: 6.298 Thread 0x00000209c41aba60 nmethod 4359% 0x00000209b829a110 code [0x00000209b829a420, 0x00000209b829bc08]
Event: 6.298 Thread 0x00000209c41aba60 4362       4       java.lang.String::codePointAt (50 bytes)
Event: 6.299 Thread 0x00000209c41aba60 nmethod 4362 0x00000209b829cb90 code [0x00000209b829cd20, 0x00000209b829ce40]
Event: 6.300 Thread 0x00000209c41d7df0 4371       3       sun.invoke.util.VerifyAccess::isTypeVisible (47 bytes)
Event: 6.300 Thread 0x00000209c41d7df0 nmethod 4371 0x00000209b0e33c90 code [0x00000209b0e33e80, 0x00000209b0e34268]
Event: 6.304 Thread 0x00000209c41d7df0 4376       3       java.lang.invoke.MethodHandles$Lookup::isArrayClone (50 bytes)
Event: 6.305 Thread 0x00000209c41d7df0 nmethod 4376 0x00000209b0e34490 code [0x00000209b0e346a0, 0x00000209b0e34d20]
Event: 6.305 Thread 0x00000209c41d7df0 4377       3       sun.invoke.util.VerifyAccess::isMemberAccessible (338 bytes)
Event: 6.314 Thread 0x00000209c41d7df0 nmethod 4377 0x00000209b0e34f90 code [0x00000209b0e35320, 0x00000209b0e36540]
Event: 6.315 Thread 0x00000209c41d7df0 4378       3       java.lang.invoke.MethodHandleNatives::findMethodHandleType (7 bytes)
Event: 6.316 Thread 0x00000209c41d7df0 nmethod 4378 0x00000209b0e36a90 code [0x00000209b0e36c40, 0x00000209b0e36d60]
Event: 6.316 Thread 0x00000209c41d7df0 4379       3       java.lang.invoke.MethodHandleNatives::refKindIsMethod (19 bytes)
Event: 6.316 Thread 0x00000209c41d7df0 nmethod 4379 0x00000209b0e36e10 code [0x00000209b0e36fc0, 0x00000209b0e371e8]

GC Heap History (6 events):
Event: 1.032 GC heap before
{Heap before GC invocations=0 (full 0):
 garbage-first heap   total reserved 2056192K, committed 129024K, used 14336K [0x0000000082800000, 0x0000000100000000)
  region size 1024K, 14 young (14336K), 0 survivors (0K)
 Metaspace       used 4072K, committed 4288K, reserved 1114112K
  class space    used 410K, committed 512K, reserved 1048576K
}
Event: 1.043 GC heap after
{Heap after GC invocations=1 (full 0):
 garbage-first heap   total reserved 2056192K, committed 129024K, used 3754K [0x0000000082800000, 0x0000000100000000)
  region size 1024K, 2 young (2048K), 2 survivors (2048K)
 Metaspace       used 4072K, committed 4288K, reserved 1114112K
  class space    used 410K, committed 512K, reserved 1048576K
}
Event: 1.922 GC heap before
{Heap before GC invocations=1 (full 0):
 garbage-first heap   total reserved 2056192K, committed 129024K, used 19114K [0x0000000082800000, 0x0000000100000000)
  region size 1024K, 18 young (18432K), 2 survivors (2048K)
 Metaspace       used 6365K, committed 6592K, reserved 1114112K
  class space    used 727K, committed 832K, reserved 1048576K
}
Event: 1.927 GC heap after
{Heap after GC invocations=2 (full 0):
 garbage-first heap   total reserved 2056192K, committed 129024K, used 4694K [0x0000000082800000, 0x0000000100000000)
  region size 1024K, 1 young (1024K), 1 survivors (1024K)
 Metaspace       used 6365K, committed 6592K, reserved 1114112K
  class space    used 727K, committed 832K, reserved 1048576K
}
Event: 5.000 GC heap before
{Heap before GC invocations=2 (full 0):
 garbage-first heap   total reserved 2056192K, committed 129024K, used 79446K [0x0000000082800000, 0x0000000100000000)
  region size 1024K, 75 young (76800K), 1 survivors (1024K)
 Metaspace       used 15074K, committed 15424K, reserved 1114112K
  class space    used 1709K, committed 1856K, reserved 1048576K
}
Event: 5.010 GC heap after
{Heap after GC invocations=3 (full 0):
 garbage-first heap   total reserved 2056192K, committed 129024K, used 9997K [0x0000000082800000, 0x0000000100000000)
  region size 1024K, 6 young (6144K), 6 survivors (6144K)
 Metaspace       used 15074K, committed 15424K, reserved 1114112K
  class space    used 1709K, committed 1856K, reserved 1048576K
}

Dll operation events (12 events):
Event: 0.017 Loaded shared library C:\Users\HUAWEI\.jdks\openjdk-22.0.1\bin\java.dll
Event: 0.067 Loaded shared library C:\Users\HUAWEI\.jdks\openjdk-22.0.1\bin\jsvml.dll
Event: 0.178 Loaded shared library C:\Users\HUAWEI\.jdks\openjdk-22.0.1\bin\zip.dll
Event: 0.181 Loaded shared library C:\Users\HUAWEI\.jdks\openjdk-22.0.1\bin\instrument.dll
Event: 0.185 Loaded shared library C:\Users\HUAWEI\.jdks\openjdk-22.0.1\bin\net.dll
Event: 0.187 Loaded shared library C:\Users\HUAWEI\.jdks\openjdk-22.0.1\bin\nio.dll
Event: 0.191 Loaded shared library C:\Users\HUAWEI\.jdks\openjdk-22.0.1\bin\zip.dll
Event: 0.208 Loaded shared library D:\Program Files\JetBrains\IntelliJ IDEA 2023.2.1\bin\breakgen64.dll
Event: 0.237 Loaded shared library C:\Users\HUAWEI\.jdks\openjdk-22.0.1\bin\extnet.dll
Event: 0.361 Loaded shared library C:\Users\HUAWEI\.jdks\openjdk-22.0.1\bin\jimage.dll
Event: 0.513 Loaded shared library C:\Users\HUAWEI\AppData\Local\Temp\jansi-2.4.0-ec69a388d6b41981-jansi.dll
Event: 0.526 Loaded shared library C:\Users\HUAWEI\.jdks\openjdk-22.0.1\bin\verify.dll

Deoptimization events (20 events):
Event: 5.752 Thread 0x00000209a825ffb0 Uncommon trap: trap_request=0xffffffde fr.pc=0x00000209b826c8fc relative=0x000000000000029c
Event: 5.752 Thread 0x00000209a825ffb0 Uncommon trap: reason=class_check action=maybe_recompile pc=0x00000209b826c8fc method=org.codehaus.plexus.interpolation.MapBasedValueSource.getValue(Ljava/lang/String;)Ljava/lang/Object; @ 16 c2
Event: 5.752 Thread 0x00000209a825ffb0 DEOPT PACKING pc=0x00000209b826c8fc sp=0x0000001f9d5fc7b0
Event: 5.752 Thread 0x00000209a825ffb0 DEOPT UNPACKING pc=0x00000209b7b246a2 sp=0x0000001f9d5fc758 mode 2
Event: 5.752 Thread 0x00000209a825ffb0 Uncommon trap: trap_request=0xffffffde fr.pc=0x00000209b826c8fc relative=0x000000000000029c
Event: 5.752 Thread 0x00000209a825ffb0 Uncommon trap: reason=class_check action=maybe_recompile pc=0x00000209b826c8fc method=org.codehaus.plexus.interpolation.MapBasedValueSource.getValue(Ljava/lang/String;)Ljava/lang/Object; @ 16 c2
Event: 5.752 Thread 0x00000209a825ffb0 DEOPT PACKING pc=0x00000209b826c8fc sp=0x0000001f9d5fc7b0
Event: 5.752 Thread 0x00000209a825ffb0 DEOPT UNPACKING pc=0x00000209b7b246a2 sp=0x0000001f9d5fc758 mode 2
Event: 5.767 Thread 0x00000209a825ffb0 Uncommon trap: trap_request=0xffffffc6 fr.pc=0x00000209b826dd14 relative=0x0000000000000494
Event: 5.767 Thread 0x00000209a825ffb0 Uncommon trap: reason=bimorphic_or_optimized_type_check action=maybe_recompile pc=0x00000209b826dd14 method=java.util.regex.Pattern$Slice.match(Ljava/util/regex/Matcher;ILjava/lang/CharSequence;)Z @ 75 c2
Event: 5.767 Thread 0x00000209a825ffb0 DEOPT PACKING pc=0x00000209b826dd14 sp=0x0000001f9d5fc850
Event: 5.767 Thread 0x00000209a825ffb0 DEOPT UNPACKING pc=0x00000209b7b246a2 sp=0x0000001f9d5fc7d0 mode 2
Event: 5.767 Thread 0x00000209a825ffb0 Uncommon trap: trap_request=0xffffffde fr.pc=0x00000209b826c8fc relative=0x000000000000029c
Event: 5.767 Thread 0x00000209a825ffb0 Uncommon trap: reason=class_check action=maybe_recompile pc=0x00000209b826c8fc method=org.codehaus.plexus.interpolation.MapBasedValueSource.getValue(Ljava/lang/String;)Ljava/lang/Object; @ 16 c2
Event: 5.767 Thread 0x00000209a825ffb0 DEOPT PACKING pc=0x00000209b826c8fc sp=0x0000001f9d5fc960
Event: 5.767 Thread 0x00000209a825ffb0 DEOPT UNPACKING pc=0x00000209b7b246a2 sp=0x0000001f9d5fc908 mode 2
Event: 5.955 Thread 0x00000209a825ffb0 DEOPT PACKING pc=0x00000209b0c7fffb sp=0x0000001f9d5fccc0
Event: 5.955 Thread 0x00000209a825ffb0 DEOPT UNPACKING pc=0x00000209b7b24e42 sp=0x0000001f9d5fc130 mode 0
Event: 6.030 Thread 0x00000209a825ffb0 DEOPT PACKING pc=0x00000209b0c7fffb sp=0x0000001f9d5fbe60
Event: 6.030 Thread 0x00000209a825ffb0 DEOPT UNPACKING pc=0x00000209b7b24e42 sp=0x0000001f9d5fb2d0 mode 0

Classes loaded (20 events):
Event: 6.315 Loading class jdk/internal/logger/LazyLoggers
Event: 6.315 Loading class jdk/internal/logger/LazyLoggers done
Event: 6.315 Loading class jdk/internal/logger/LazyLoggers$1
Event: 6.315 Loading class jdk/internal/logger/LazyLoggers$1 done
Event: 6.315 Loading class jdk/internal/logger/LazyLoggers$LazyLoggerFactories
Event: 6.315 Loading class jdk/internal/logger/LazyLoggers$LazyLoggerFactories done
Event: 6.316 Loading class jdk/internal/logger/LoggerFinderLoader
Event: 6.316 Loading class jdk/internal/logger/LoggerFinderLoader done
Event: 6.317 Loading class jdk/internal/logger/LoggerFinderLoader$TemporaryLoggerFinder
Event: 6.317 Loading class jdk/internal/logger/LoggerFinderLoader$TemporaryLoggerFinder done
Event: 6.317 Loading class sun/util/logging/internal/LoggingProviderImpl$JULWrapper
Event: 6.317 Loading class sun/util/logging/PlatformLogger$ConfigurableBridge$LoggerConfiguration
Event: 6.317 Loading class sun/util/logging/PlatformLogger$ConfigurableBridge$LoggerConfiguration done
Event: 6.317 Loading class sun/util/logging/internal/LoggingProviderImpl$JULWrapper done
Event: 6.317 Loading class java/lang/System$Logger$Level
Event: 6.317 Loading class java/lang/System$Logger$Level done
Event: 6.318 Loading class java/io/PipedOutputStream
Event: 6.318 Loading class java/io/PipedOutputStream done
Event: 6.335 Loading class jdk/internal/event/ThreadSleepEvent
Event: 6.335 Loading class jdk/internal/event/ThreadSleepEvent done

Classes unloaded (0 events):
No events

Classes redefined (0 events):
No events

Internal exceptions (20 events):
Event: 3.405 Thread 0x00000209a825ffb0 Exception <a 'java/lang/NoSuchMethodError'{0x0000000088ab1f90}: 'java.lang.Object java.lang.invoke.DirectMethodHandle$Holder.invokeStatic(java.lang.Object, java.lang.Object, java.lang.Object, java.lang.Object, java.lang.Object, java.lang.Object, java.lang.Object, java.lang.Object, java.lang.Object, java.lang.Object, java.lang.Object, java.lang.Object, java.lang.Object, java.lang.Object)'> (0x0000000088ab1f90) 
thrown [s\open\src\hotspot\share\interpreter\linkResolver.cpp, line 774]
Event: 3.413 Thread 0x00000209a825ffb0 Exception <a 'java/lang/NoSuchMethodError'{0x0000000088ad3440}: 'java.lang.Object java.lang.invoke.DirectMethodHandle$Holder.invokeStatic(java.lang.Object, java.lang.Object, java.lang.Object, java.lang.Object, java.lang.Object, java.lang.Object, java.lang.Object, java.lang.Object, java.lang.Object, java.lang.Object, java.lang.Object, java.lang.Object, java.lang.Object, java.lang.Object, java.lang.Object)'> (0x0000000088ad3440) 
thrown [s\open\src\hotspot\share\interpreter\linkResolver.cpp, line 774]
Event: 3.487 Thread 0x00000209a825ffb0 Exception <a 'java/lang/NoSuchMethodError'{0x00000000889502d8}: 'java.lang.Object java.lang.invoke.DirectMethodHandle$Holder.invokeStaticInit(java.lang.Object, int, int, int, int)'> (0x00000000889502d8) 
thrown [s\open\src\hotspot\share\interpreter\linkResolver.cpp, line 774]
Event: 3.706 Thread 0x00000209a825ffb0 Exception <a 'java/lang/NoSuchMethodError'{0x000000008833f960}: 'void java.lang.invoke.DirectMethodHandle$Holder.invokeVirtual(java.lang.Object, java.lang.Object, int)'> (0x000000008833f960) 
thrown [s\open\src\hotspot\share\interpreter\linkResolver.cpp, line 774]
Event: 3.708 Thread 0x00000209a825ffb0 Exception <a 'java/lang/NoSuchMethodError'{0x0000000088343b78}: 'int java.lang.invoke.DirectMethodHandle$Holder.invokeSpecial(java.lang.Object, java.lang.Object, java.lang.Object, int)'> (0x0000000088343b78) 
thrown [s\open\src\hotspot\share\interpreter\linkResolver.cpp, line 774]
Event: 3.710 Thread 0x00000209a825ffb0 Exception <a 'java/lang/NoSuchMethodError'{0x0000000088354810}: 'java.lang.Object java.lang.invoke.DirectMethodHandle$Holder.invokeStatic(java.lang.Object, java.lang.Object, java.lang.Object, java.lang.Object, int)'> (0x0000000088354810) 
thrown [s\open\src\hotspot\share\interpreter\linkResolver.cpp, line 774]
Event: 3.711 Thread 0x00000209a825ffb0 Exception <a 'java/lang/NoSuchMethodError'{0x000000008835fa60}: 'void java.lang.invoke.DelegatingMethodHandle$Holder.reinvoke_L(java.lang.Object, java.lang.Object, int)'> (0x000000008835fa60) 
thrown [s\open\src\hotspot\share\interpreter\linkResolver.cpp, line 774]
Event: 3.943 Thread 0x00000209a825ffb0 Implicit null exception at 0x00000209b817ba80 to 0x00000209b817d340
Event: 3.944 Thread 0x00000209a825ffb0 Implicit null exception at 0x00000209b80f753b to 0x00000209b80f778c
Event: 3.944 Thread 0x00000209a825ffb0 Implicit null exception at 0x00000209b8164169 to 0x00000209b81649b8
Event: 4.062 Thread 0x00000209a825ffb0 Implicit null exception at 0x00000209b812f29a to 0x00000209b812f484
Event: 4.062 Thread 0x00000209a825ffb0 Implicit null exception at 0x00000209b8105240 to 0x00000209b81052c2
Event: 4.615 Thread 0x00000209a825ffb0 Exception <a 'java/lang/NoSuchMethodError'{0x000000008681b9c0}: 'void java.lang.invoke.Invokers$Holder.invokeExact_MT(java.lang.Object, java.lang.Object, int, java.lang.Object)'> (0x000000008681b9c0) 
thrown [s\open\src\hotspot\share\interpreter\linkResolver.cpp, line 774]
Event: 6.214 Thread 0x00000209a825ffb0 Exception <a 'sun/nio/fs/WindowsException'{0x0000000087840e00}> (0x0000000087840e00) 
thrown [s\open\src\hotspot\share\prims\jni.cpp, line 520]
Event: 6.214 Thread 0x00000209a825ffb0 Exception <a 'sun/nio/fs/WindowsException'{0x0000000087841458}> (0x0000000087841458) 
thrown [s\open\src\hotspot\share\prims\jni.cpp, line 520]
Event: 6.220 Thread 0x00000209a825ffb0 Exception <a 'java/lang/NoSuchMethodError'{0x0000000087854258}: 'java.lang.Object java.lang.invoke.DirectMethodHandle$Holder.invokeInterface(java.lang.Object, java.lang.Object)'> (0x0000000087854258) 
thrown [s\open\src\hotspot\share\interpreter\linkResolver.cpp, line 774]
Event: 6.300 Thread 0x00000209a825ffb0 Exception <a 'java/lang/NoSuchMethodError'{0x000000008750d8d8}: 'void java.lang.invoke.DirectMethodHandle$Holder.invokeStatic(java.lang.Object, long)'> (0x000000008750d8d8) 
thrown [s\open\src\hotspot\share\interpreter\linkResolver.cpp, line 774]
Event: 6.300 Thread 0x00000209a825ffb0 Exception <a 'java/lang/NoSuchMethodError'{0x0000000087512b88}: 'java.lang.Object java.lang.invoke.DirectMethodHandle$Holder.newInvokeSpecial(java.lang.Object, long)'> (0x0000000087512b88) 
thrown [s\open\src\hotspot\share\interpreter\linkResolver.cpp, line 774]
Event: 6.302 Thread 0x00000209a825ffb0 Exception <a 'java/lang/NoSuchMethodError'{0x000000008751a008}: 'java.lang.Object java.lang.invoke.DirectMethodHandle$Holder.invokeStatic(java.lang.Object, long, java.lang.Object)'> (0x000000008751a008) 
thrown [s\open\src\hotspot\share\interpreter\linkResolver.cpp, line 774]
Event: 6.303 Thread 0x00000209a825ffb0 Exception <a 'java/lang/NoSuchMethodError'{0x000000008751d7c0}: 'java.lang.Object java.lang.invoke.DirectMethodHandle$Holder.invokeStaticInit(java.lang.Object, long, java.lang.Object)'> (0x000000008751d7c0) 
thrown [s\open\src\hotspot\share\interpreter\linkResolver.cpp, line 774]

ZGC Phase Switch (0 events):
No events

VM Operations (20 events):
Event: 3.777 Executing VM operation: HandshakeAllThreads (Deoptimize)
Event: 3.777 Executing VM operation: HandshakeAllThreads (Deoptimize) done
Event: 3.777 Executing VM operation: HandshakeAllThreads (Deoptimize)
Event: 3.777 Executing VM operation: HandshakeAllThreads (Deoptimize) done
Event: 4.200 Executing VM operation: ICBufferFull
Event: 4.200 Executing VM operation: ICBufferFull done
Event: 4.601 Executing VM operation: HandshakeAllThreads (Deoptimize)
Event: 4.601 Executing VM operation: HandshakeAllThreads (Deoptimize) done
Event: 4.608 Executing VM operation: ICBufferFull
Event: 4.608 Executing VM operation: ICBufferFull done
Event: 4.614 Executing VM operation: HandshakeAllThreads (Deoptimize)
Event: 4.614 Executing VM operation: HandshakeAllThreads (Deoptimize) done
Event: 5.000 Executing VM operation: G1CollectForAllocation (G1 Evacuation Pause)
Event: 5.010 Executing VM operation: G1CollectForAllocation (G1 Evacuation Pause) done
Event: 5.698 Executing VM operation: ICBufferFull
Event: 5.698 Executing VM operation: ICBufferFull done
Event: 6.057 Executing VM operation: HandshakeAllThreads (Deoptimize)
Event: 6.057 Executing VM operation: HandshakeAllThreads (Deoptimize) done
Event: 6.315 Executing VM operation: HandshakeAllThreads (Deoptimize)
Event: 6.315 Executing VM operation: HandshakeAllThreads (Deoptimize) done

Events (18 events):
Event: 0.044 Thread 0x00000209a825ffb0 Thread added: 0x00000209a825ffb0
Event: 0.064 Thread 0x00000209c419d030 Thread added: 0x00000209c419d030
Event: 0.064 Thread 0x00000209c419e8a0 Thread added: 0x00000209c419e8a0
Event: 0.065 Thread 0x00000209c41a5d90 Thread added: 0x00000209c41a5d90
Event: 0.065 Thread 0x00000209c41a8800 Thread added: 0x00000209c41a8800
Event: 0.065 Thread 0x00000209c41a9260 Thread added: 0x00000209c41a9260
Event: 0.065 Thread 0x00000209c41aacd0 Thread added: 0x00000209c41aacd0
Event: 0.065 Thread 0x00000209c41aba60 Thread added: 0x00000209c41aba60
Event: 0.066 Thread 0x00000209c41d7df0 Thread added: 0x00000209c41d7df0
Event: 0.114 Thread 0x00000209c416c5d0 Thread added: 0x00000209c416c5d0
Event: 0.209 Thread 0x00000209c457b400 Thread added: 0x00000209c457b400
Event: 0.210 Thread 0x00000209c4584f90 Thread added: 0x00000209c4584f90
Event: 1.262 Thread 0x00000209c4e5cc00 Thread added: 0x00000209c4e5cc00
Event: 2.464 Thread 0x00000209c4e5cc00 Thread exited: 0x00000209c4e5cc00
Event: 3.786 Thread 0x0000020a0ab27340 Thread added: 0x0000020a0ab27340
Event: 6.319 Thread 0x0000020a0b231840 Thread added: 0x0000020a0b231840
Event: 6.320 Thread 0x0000020a0beb16c0 Thread added: 0x0000020a0beb16c0
Event: 6.320 Thread 0x0000020a0b6522f0 Thread added: 0x0000020a0b6522f0


Dynamic libraries:
0x00007ff6d4610000 - 0x00007ff6d461e000 	C:\Users\HUAWEI\.jdks\openjdk-22.0.1\bin\java.exe
0x00007ffab7710000 - 0x00007ffab7926000 	C:\WINDOWS\SYSTEM32\ntdll.dll
0x00007ffab6ae0000 - 0x00007ffab6ba4000 	C:\WINDOWS\System32\KERNEL32.DLL
0x00007ffab4dd0000 - 0x00007ffab5177000 	C:\WINDOWS\System32\KERNELBASE.dll
0x00007ffab4cb0000 - 0x00007ffab4dc1000 	C:\WINDOWS\System32\ucrtbase.dll
0x00007ffa9b130000 - 0x00007ffa9b147000 	C:\Users\HUAWEI\.jdks\openjdk-22.0.1\bin\jli.dll
0x00007ffa9adf0000 - 0x00007ffa9ae0b000 	C:\Users\HUAWEI\.jdks\openjdk-22.0.1\bin\VCRUNTIME140.dll
0x00007ffab6700000 - 0x00007ffab68ae000 	C:\WINDOWS\System32\USER32.dll
0x00007ffa9eb10000 - 0x00007ffa9eda3000 	C:\WINDOWS\WinSxS\amd64_microsoft.windows.common-controls_6595b64144ccf1df_6.0.22621.3235_none_270f74e173860f98\COMCTL32.dll
0x00007ffab6fc0000 - 0x00007ffab7067000 	C:\WINDOWS\System32\msvcrt.dll
0x00007ffab4a30000 - 0x00007ffab4a56000 	C:\WINDOWS\System32\win32u.dll
0x00007ffab68b0000 - 0x00007ffab68d9000 	C:\WINDOWS\System32\GDI32.dll
0x00007ffab4b90000 - 0x00007ffab4ca9000 	C:\WINDOWS\System32\gdi32full.dll
0x00007ffab5180000 - 0x00007ffab521a000 	C:\WINDOWS\System32\msvcp_win.dll
0x00007ffab6260000 - 0x00007ffab6291000 	C:\WINDOWS\System32\IMM32.DLL
0x00007ffa9b180000 - 0x00007ffa9b18c000 	C:\Users\HUAWEI\.jdks\openjdk-22.0.1\bin\vcruntime140_1.dll
0x00007ffa25de0000 - 0x00007ffa25e6e000 	C:\Users\HUAWEI\.jdks\openjdk-22.0.1\bin\msvcp140.dll
0x00007ff9dd020000 - 0x00007ff9ddd67000 	C:\Users\HUAWEI\.jdks\openjdk-22.0.1\bin\server\jvm.dll
0x00007ffab62a0000 - 0x00007ffab6352000 	C:\WINDOWS\System32\ADVAPI32.dll
0x00007ffab68e0000 - 0x00007ffab6988000 	C:\WINDOWS\System32\sechost.dll
0x00007ffab52a0000 - 0x00007ffab52c8000 	C:\WINDOWS\System32\bcrypt.dll
0x00007ffab69a0000 - 0x00007ffab6ab5000 	C:\WINDOWS\System32\RPCRT4.dll
0x00007ffab75f0000 - 0x00007ffab7661000 	C:\WINDOWS\System32\WS2_32.dll
0x00007ffab4900000 - 0x00007ffab494d000 	C:\WINDOWS\SYSTEM32\POWRPROF.dll
0x00007ffaab4f0000 - 0x00007ffaab524000 	C:\WINDOWS\SYSTEM32\WINMM.dll
0x00007ffaa6340000 - 0x00007ffaa634a000 	C:\WINDOWS\SYSTEM32\VERSION.dll
0x00007ffab48e0000 - 0x00007ffab48f3000 	C:\WINDOWS\SYSTEM32\UMPDC.dll
0x00007ffab3a70000 - 0x00007ffab3a88000 	C:\WINDOWS\SYSTEM32\kernel.appcore.dll
0x00007ffa838a0000 - 0x00007ffa838aa000 	C:\Users\HUAWEI\.jdks\openjdk-22.0.1\bin\jimage.dll
0x00007ffaa2660000 - 0x00007ffaa2893000 	C:\WINDOWS\SYSTEM32\DBGHELP.DLL
0x00007ffab6360000 - 0x00007ffab66e8000 	C:\WINDOWS\System32\combase.dll
0x00007ffab6180000 - 0x00007ffab6257000 	C:\WINDOWS\System32\OLEAUT32.dll
0x00007ffa96210000 - 0x00007ffa96242000 	C:\WINDOWS\SYSTEM32\dbgcore.DLL
0x00007ffab5220000 - 0x00007ffab5299000 	C:\WINDOWS\System32\bcryptPrimitives.dll
0x00007ffa9b150000 - 0x00007ffa9b15f000 	C:\Users\HUAWEI\.jdks\openjdk-22.0.1\bin\instrument.dll
0x00007ffa83880000 - 0x00007ffa8389e000 	C:\Users\HUAWEI\.jdks\openjdk-22.0.1\bin\java.dll
0x00007ffab5440000 - 0x00007ffab5c9c000 	C:\WINDOWS\System32\SHELL32.dll
0x00007ffab6e10000 - 0x00007ffab6fb5000 	C:\WINDOWS\System32\ole32.dll
0x00007ffab2990000 - 0x00007ffab3289000 	C:\WINDOWS\SYSTEM32\windows.storage.dll
0x00007ffab2850000 - 0x00007ffab298e000 	C:\WINDOWS\SYSTEM32\wintypes.dll
0x00007ffab6bb0000 - 0x00007ffab6ca3000 	C:\WINDOWS\System32\SHCORE.dll
0x00007ffab6120000 - 0x00007ffab617e000 	C:\WINDOWS\System32\shlwapi.dll
0x00007ffab4960000 - 0x00007ffab4981000 	C:\WINDOWS\SYSTEM32\profapi.dll
0x00007ffa23530000 - 0x00007ffa23607000 	C:\Users\HUAWEI\.jdks\openjdk-22.0.1\bin\jsvml.dll
0x00007ffa522c0000 - 0x00007ffa522d7000 	C:\Users\HUAWEI\.jdks\openjdk-22.0.1\bin\zip.dll
0x00007ffa83870000 - 0x00007ffa83880000 	C:\Users\HUAWEI\.jdks\openjdk-22.0.1\bin\net.dll
0x00007ffab3ee0000 - 0x00007ffab3f49000 	C:\WINDOWS\system32\mswsock.dll
0x00007ffa56f20000 - 0x00007ffa56f36000 	C:\Users\HUAWEI\.jdks\openjdk-22.0.1\bin\nio.dll
0x00007ffa53e30000 - 0x00007ffa53e4a000 	D:\Program Files\JetBrains\IntelliJ IDEA 2023.2.1\bin\breakgen64.dll
0x00007ffa5fec0000 - 0x00007ffa5fec9000 	C:\Users\HUAWEI\.jdks\openjdk-22.0.1\bin\extnet.dll
0x0000000069ac0000 - 0x0000000069ae4000 	C:\Users\HUAWEI\AppData\Local\Temp\jansi-2.4.0-ec69a388d6b41981-jansi.dll
0x00007ffa53400000 - 0x00007ffa53410000 	C:\Users\HUAWEI\.jdks\openjdk-22.0.1\bin\verify.dll

dbghelp: loaded successfully - version: 4.0.5 - missing functions: none
symbol engine: initialized successfully - sym options: 0x614 - pdb path: .;C:\Users\HUAWEI\.jdks\openjdk-22.0.1\bin;C:\WINDOWS\SYSTEM32;C:\WINDOWS\WinSxS\amd64_microsoft.windows.common-controls_6595b64144ccf1df_6.0.22621.3235_none_270f74e173860f98;C:\Users\HUAWEI\.jdks\openjdk-22.0.1\bin\server;D:\Program Files\JetBrains\IntelliJ IDEA 2023.2.1\bin;C:\Users\HUAWEI\AppData\Local\Temp

VM Arguments:
jvm_args: -Dmaven.multiModuleProjectDirectory=C:\Users\HUAWEI\Desktop\sirine hamzaoui\PiJava -Djansi.passthrough=true -Dmaven.home=C:\Users\HUAWEI\.m2\wrapper\dists\apache-maven-3.8.5-bin\5i5jha092a3i37g0paqnfr15e0\apache-maven-3.8.5 -Dclassworlds.conf=C:\Users\HUAWEI\.m2\wrapper\dists\apache-maven-3.8.5-bin\5i5jha092a3i37g0paqnfr15e0\apache-maven-3.8.5\bin\m2.conf -Dmaven.ext.class.path=D:\Program Files\JetBrains\IntelliJ IDEA 2023.2.1\plugins\maven\lib\maven-event-listener.jar -javaagent:D:\Program Files\JetBrains\IntelliJ IDEA 2023.2.1\lib\idea_rt.jar=28339:D:\Program Files\JetBrains\IntelliJ IDEA 2023.2.1\bin -Dfile.encoding=UTF-8 -Dsun.stdout.encoding=UTF-8 -Dsun.stderr.encoding=UTF-8 
java_command: org.codehaus.classworlds.Launcher -Didea.version=2023.2.1 org.openjfx:javafx-maven-plugin:0.0.8:run
java_class_path (initial): C:\Users\HUAWEI\.m2\wrapper\dists\apache-maven-3.8.5-bin\5i5jha092a3i37g0paqnfr15e0\apache-maven-3.8.5\boot\plexus-classworlds-2.6.0.jar;C:\Users\HUAWEI\.m2\wrapper\dists\apache-maven-3.8.5-bin\5i5jha092a3i37g0paqnfr15e0\apache-maven-3.8.5\boot\plexus-classworlds.license
Launcher Type: SUN_STANDARD

[Global flags]
     intx CICompilerCount                          = 3                                         {product} {ergonomic}
     uint ConcGCThreads                            = 1                                         {product} {ergonomic}
     uint G1ConcRefinementThreads                  = 4                                         {product} {ergonomic}
   size_t G1HeapRegionSize                         = 1048576                                   {product} {ergonomic}
   size_t InitialHeapSize                          = 132120576                                 {product} {ergonomic}
   size_t MarkStackSize                            = 4194304                                   {product} {ergonomic}
   size_t MaxHeapSize                              = 2105540608                                {product} {ergonomic}
   size_t MaxNewSize                               = 1262485504                                {product} {ergonomic}
   size_t MinHeapDeltaBytes                        = 1048576                                   {product} {ergonomic}
   size_t MinHeapSize                              = 8388608                                   {product} {ergonomic}
    uintx NonNMethodCodeHeapSize                   = 5832780                                {pd product} {ergonomic}
    uintx NonProfiledCodeHeapSize                  = 122912730                              {pd product} {ergonomic}
    uintx ProfiledCodeHeapSize                     = 122912730                              {pd product} {ergonomic}
    uintx ReservedCodeCacheSize                    = 251658240                              {pd product} {ergonomic}
     bool SegmentedCodeCache                       = true                                      {product} {ergonomic}
   size_t SoftMaxHeapSize                          = 2105540608                             {manageable} {ergonomic}
     bool UseCompressedOops                        = true                           {product lp64_product} {ergonomic}
     bool UseG1GC                                  = true                                      {product} {ergonomic}
     bool UseLargePagesIndividualAllocation        = false                                  {pd product} {ergonomic}

Logging:
Log output configuration:
 #0: stdout all=warning uptime,level,tags foldmultilines=false
 #1: stderr all=off uptime,level,tags foldmultilines=false

Environment Variables:
JAVA_HOME=C:\Users\HUAWEI\.jdks\corretto-17.0.11
PATH=C:\Users\HUAWEI\.jdks\corretto-17.0.11\bin;C:\oraclexe\app\oracle\product\11.2.0\server\bin;C:\Windows\System32\HWAudioDriverLibs;C:\Windows\system32;C:\Windows;C:\Windows\System32\Wbem;C:\Windows\System32\WindowsPowerShell\v1.0\;C:\Windows\System32\OpenSSH\;C:\Windows\system32\config\systemprofile\AppData\Local\Microsoft\WindowsApps;C:\Program Files\nodejs\;C:\WINDOWS\system32;C:\WINDOWS;C:\WINDOWS\System32\Wbem;C:\WINDOWS\System32\WindowsPowerShell\v1.0\;C:\WINDOWS\System32\OpenSSH\;C:\xampp\php;C:\Program Files\Git\cmd;C:\Program Files (x86)\Git\cmd;C:\Users\HUAWEI\scoop\shims;C:\Users\HUAWEI\AppData\Local\Microsoft\WindowsApps;;C:\Users\HUAWEI\AppData\Local\Programs\Microsoft VS Code\bin;C:\Users\HUAWEI\AppData\Roaming\npm;C:\Users\HUAWEI\AppData\Local\ComposerSetup\bin;C:\Users\HUAWEI\AppData\Roaming\Composer\vendor\bin
USERNAME=HUAWEI
OS=Windows_NT
PROCESSOR_IDENTIFIER=Intel64 Family 6 Model 142 Stepping 12, GenuineIntel
TMP=C:\Users\HUAWEI\AppData\Local\Temp
TEMP=C:\Users\HUAWEI\AppData\Local\Temp




Periodic native trim disabled

---------------  S Y S T E M  ---------------

OS:
 Windows 11 , 64 bit Build 22621 (10.0.22621.3374)
OS uptime: 4 days 19:51 hours

CPU: total 4 (initial active 4) (2 cores per cpu, 2 threads per core) family 6 model 142 stepping 12 microcode 0xde, cx8, cmov, fxsr, ht, mmx, 3dnowpref, sse, sse2, sse3, ssse3, sse4.1, sse4.2, popcnt, lzcnt, tsc, tscinvbit, avx, avx2, aes, erms, clmul, bmi1, bmi2, adx, fma, vzeroupper, clflush, clflushopt, rdtscp, f16c
Processor Information for all 4 processors :
  Max Mhz: 2592, Current Mhz: 2592, Mhz Limit: 2073

Memory: 4k page, system-wide physical 8025M (607M free)
TotalPageFile size 16391M (AvailPageFile size 31M)
current process WorkingSet (physical memory assigned to process): 186M, peak: 194M
current process commit charge ("private bytes"): 260M, peak: 269M

vm_info: OpenJDK 64-Bit Server VM (22.0.1+8-16) for windows-amd64 JRE (22.0.1+8-16), built on 2024-03-12T10:33:16Z by "mach5one" with MS VC++ 17.6 (VS2022)

END.
