#
# There is insufficient memory for the Java Runtime Environment to continue.
# Native memory allocation (mmap) failed to map 132120576 bytes. Error detail: G1 virtual space
# Possible reasons:
#   The system is out of physical RAM or swap space
#   This process is running with CompressedOops enabled, and the Java Heap may be blocking the growth of the native heap
# Possible solutions:
#   Reduce memory load on the system
#   Increase physical memory or swap space
#   Check if swap backing store is full
#   Decrease Java heap size (-Xmx/-Xms)
#   Decrease number of Java threads
#   Decrease Java thread stack sizes (-Xss)
#   Set larger code cache with -XX:ReservedCodeCacheSize=
#   JVM is running with Unscaled Compressed Oops mode in which the Java heap is
#     placed in the first 4GB address space. The Java Heap base address is the
#     maximum limit for the native heap growth. Please use -XX:HeapBaseMinAddress
#     to set the Java Heap base and to place the Java Heap above 4GB virtual address.
# This output file may be truncated or incomplete.
#
#  Out of Memory Error (os_windows.cpp:3613), pid=17696, tid=572
#
# JRE version:  (17.0.11+9) (build )
# Java VM: OpenJDK 64-Bit Server VM (17.0.11+9-LTS, mixed mode, sharing, tiered, compressed oops, compressed class ptrs, g1 gc, windows-amd64)
# No core dump will be written. Minidumps are not enabled by default on client versions of Windows
#

---------------  S U M M A R Y ------------

Command Line: --module-path=C:\Users\HUAWEI\Desktop\sirine hamzaoui\PiJava\target\classes;C:\Users\HUAWEI\.m2\repository\org\kordamp\bootstrapfx\bootstrapfx-core\0.4.0\bootstrapfx-core-0.4.0.jar;C:\Users\HUAWEI\.m2\repository\org\openjfx\javafx-base\17.0.6\javafx-base-17.0.6-win.jar;C:\Users\HUAWEI\.m2\repository\org\openjfx\javafx-controls\17.0.6\javafx-controls-17.0.6-win.jar;C:\Users\HUAWEI\.m2\repository\org\openjfx\javafx-fxml\17.0.6\javafx-fxml-17.0.6-win.jar;C:\Users\HUAWEI\.m2\repository\org\openjfx\javafx-graphics\17.0.6\javafx-graphics-17.0.6-win.jar --add-modules=com.example.demo -Djdk.module.main=com.example.demo com.example.demo/com.example.demo.HelloApplication

Host: Intel(R) Core(TM) i3-10110U CPU @ 2.10GHz, 4 cores, 7G,  Windows 11 , 64 bit Build 22621 (10.0.22621.3374)
Time: Thu Apr 25 02:13:46 2024 UTC-11 elapsed time: 0.009708 seconds (0d 0h 0m 0s)

---------------  T H R E A D  ---------------

Current thread (0x00000222a353d900):  JavaThread "Unknown thread" [_thread_in_vm, id=572, stack(0x000000df5ab00000,0x000000df5ac00000)]

Stack: [0x000000df5ab00000,0x000000df5ac00000]
Native frames: (J=compiled Java code, j=interpreted, Vv=VM code, C=native code)
V  [jvm.dll+0x67d009]
V  [jvm.dll+0x83489a]
V  [jvm.dll+0x83635e]
V  [jvm.dll+0x8369c3]
V  [jvm.dll+0x2479df]
V  [jvm.dll+0x679e49]
V  [jvm.dll+0x66e8ba]
V  [jvm.dll+0x30755b]
V  [jvm.dll+0x30ea06]
V  [jvm.dll+0x35e40e]
V  [jvm.dll+0x35e63f]
V  [jvm.dll+0x2de298]
V  [jvm.dll+0x2df204]
V  [jvm.dll+0x806221]
V  [jvm.dll+0x36c161]
V  [jvm.dll+0x7e4c56]
V  [jvm.dll+0x3ef9cf]
V  [jvm.dll+0x3f1521]
C  [jli.dll+0x528f]
C  [ucrtbase.dll+0x29333]
C  [KERNEL32.DLL+0x1257d]
C  [ntdll.dll+0x5aa48]


---------------  P R O C E S S  ---------------

Threads class SMR info:
_java_thread_list=0x00007ff9ff93eed8, length=0, elements={
}

Java Threads: ( => current thread )

Other Threads:
  0x00000222a359a3d0 GCTaskThread "GC Thread#0" [stack: 0x000000df5ac00000,0x000000df5ad00000] [id=3908]
  0x00000222a35aad40 ConcurrentGCThread "G1 Main Marker" [stack: 0x000000df5ad00000,0x000000df5ae00000] [id=22716]
  0x00000222a35abe10 ConcurrentGCThread "G1 Conc#0" [stack: 0x000000df5ae00000,0x000000df5af00000] [id=12108]

[error occurred during error reporting (printing all threads), id 0xc0000005, EXCEPTION_ACCESS_VIOLATION (0xc0000005) at pc=0x00007ff9ff0fecd7]

VM state: not at safepoint (not fully initialized)

VM Mutex/Monitor currently owned by a thread:  ([mutex/lock_event])
[0x00000222a3539750] Heap_lock - owner thread: 0x00000222a353d900

Heap address: 0x0000000082800000, size: 2008 MB, Compressed Oops mode: 32-bit

CDS archive(s) mapped at: [0x0000000000000000-0x0000000000000000-0x0000000000000000), size 0, SharedBaseAddress: 0x0000000800000000, ArchiveRelocationMode: 1.
Narrow klass base: 0x0000000000000000, Narrow klass shift: 0, Narrow klass range: 0x0

GC Precious Log:
<Empty>

Heap:
 garbage-first heap   total 0K, used 0K [0x0000000082800000, 0x0000000100000000)
  region size 1024K, 0 young (0K), 0 survivors (0K)

[error occurred during error reporting (printing heap information), id 0xc0000005, EXCEPTION_ACCESS_VIOLATION (0xc0000005) at pc=0x00007ff9ff4e6d29]

GC Heap History (0 events):
No events

Dll operation events (1 events):
Event: 0.006 Loaded shared library C:\Users\HUAWEI\.jdks\corretto-17.0.11\bin\java.dll

Deoptimization events (0 events):
No events

Classes unloaded (0 events):
No events

Classes redefined (0 events):
No events

Internal exceptions (0 events):
No events

VM Operations (0 events):
No events

Events (0 events):
No events


Dynamic libraries:
0x00007ff6d3590000 - 0x00007ff6d359e000 	C:\Users\HUAWEI\.jdks\corretto-17.0.11\bin\java.exe
0x00007ffab7710000 - 0x00007ffab7926000 	C:\WINDOWS\SYSTEM32\ntdll.dll
0x00007ffab6ae0000 - 0x00007ffab6ba4000 	C:\WINDOWS\System32\KERNEL32.DLL
0x00007ffab4dd0000 - 0x00007ffab5177000 	C:\WINDOWS\System32\KERNELBASE.dll
0x00007ffab4cb0000 - 0x00007ffab4dc1000 	C:\WINDOWS\System32\ucrtbase.dll
0x00007ffaafb90000 - 0x00007ffaafbab000 	C:\Users\HUAWEI\.jdks\corretto-17.0.11\bin\VCRUNTIME140.dll
0x00007ffa9db00000 - 0x00007ffa9db17000 	C:\Users\HUAWEI\.jdks\corretto-17.0.11\bin\jli.dll
0x00007ffab6700000 - 0x00007ffab68ae000 	C:\WINDOWS\System32\USER32.dll
0x00007ffa9eb10000 - 0x00007ffa9eda3000 	C:\WINDOWS\WinSxS\amd64_microsoft.windows.common-controls_6595b64144ccf1df_6.0.22621.3235_none_270f74e173860f98\COMCTL32.dll
0x00007ffab4a30000 - 0x00007ffab4a56000 	C:\WINDOWS\System32\win32u.dll
0x00007ffab6fc0000 - 0x00007ffab7067000 	C:\WINDOWS\System32\msvcrt.dll
0x00007ffab68b0000 - 0x00007ffab68d9000 	C:\WINDOWS\System32\GDI32.dll
0x00007ffab4b90000 - 0x00007ffab4ca9000 	C:\WINDOWS\System32\gdi32full.dll
0x00007ffab5180000 - 0x00007ffab521a000 	C:\WINDOWS\System32\msvcp_win.dll
0x00007ffab6260000 - 0x00007ffab6291000 	C:\WINDOWS\System32\IMM32.DLL
0x00007ffa9daf0000 - 0x00007ffa9dafc000 	C:\Users\HUAWEI\.jdks\corretto-17.0.11\bin\vcruntime140_1.dll
0x00007ffa3a110000 - 0x00007ffa3a19d000 	C:\Users\HUAWEI\.jdks\corretto-17.0.11\bin\msvcp140.dll
0x00007ff9fee10000 - 0x00007ff9ffa72000 	C:\Users\HUAWEI\.jdks\corretto-17.0.11\bin\server\jvm.dll
0x00007ffab62a0000 - 0x00007ffab6352000 	C:\WINDOWS\System32\ADVAPI32.dll
0x00007ffab68e0000 - 0x00007ffab6988000 	C:\WINDOWS\System32\sechost.dll
0x00007ffab52a0000 - 0x00007ffab52c8000 	C:\WINDOWS\System32\bcrypt.dll
0x00007ffab69a0000 - 0x00007ffab6ab5000 	C:\WINDOWS\System32\RPCRT4.dll
0x00007ffab4900000 - 0x00007ffab494d000 	C:\WINDOWS\SYSTEM32\POWRPROF.dll
0x00007ffaab4f0000 - 0x00007ffaab524000 	C:\WINDOWS\SYSTEM32\WINMM.dll
0x00007ffa8c3d0000 - 0x00007ffa8c3d9000 	C:\WINDOWS\SYSTEM32\WSOCK32.dll
0x00007ffaa6340000 - 0x00007ffaa634a000 	C:\WINDOWS\SYSTEM32\VERSION.dll
0x00007ffab75f0000 - 0x00007ffab7661000 	C:\WINDOWS\System32\WS2_32.dll
0x00007ffab48e0000 - 0x00007ffab48f3000 	C:\WINDOWS\SYSTEM32\UMPDC.dll
0x00007ffab3a70000 - 0x00007ffab3a88000 	C:\WINDOWS\SYSTEM32\kernel.appcore.dll
0x00007ffa9dae0000 - 0x00007ffa9daea000 	C:\Users\HUAWEI\.jdks\corretto-17.0.11\bin\jimage.dll
0x00007ffaa2660000 - 0x00007ffaa2893000 	C:\WINDOWS\SYSTEM32\DBGHELP.DLL
0x00007ffab6360000 - 0x00007ffab66e8000 	C:\WINDOWS\System32\combase.dll
0x00007ffab6180000 - 0x00007ffab6257000 	C:\WINDOWS\System32\OLEAUT32.dll
0x00007ffa96210000 - 0x00007ffa96242000 	C:\WINDOWS\SYSTEM32\dbgcore.DLL
0x00007ffab5220000 - 0x00007ffab5299000 	C:\WINDOWS\System32\bcryptPrimitives.dll
0x00007ffa5beb0000 - 0x00007ffa5bed5000 	C:\Users\HUAWEI\.jdks\corretto-17.0.11\bin\java.dll

dbghelp: loaded successfully - version: 4.0.5 - missing functions: none
symbol engine: initialized successfully - sym options: 0x614 - pdb path: .;C:\Users\HUAWEI\.jdks\corretto-17.0.11\bin;C:\WINDOWS\SYSTEM32;C:\WINDOWS\WinSxS\amd64_microsoft.windows.common-controls_6595b64144ccf1df_6.0.22621.3235_none_270f74e173860f98;C:\Users\HUAWEI\.jdks\corretto-17.0.11\bin\server

VM Arguments:
jvm_args: --module-path=C:\Users\HUAWEI\Desktop\sirine hamzaoui\PiJava\target\classes;C:\Users\HUAWEI\.m2\repository\org\kordamp\bootstrapfx\bootstrapfx-core\0.4.0\bootstrapfx-core-0.4.0.jar;C:\Users\HUAWEI\.m2\repository\org\openjfx\javafx-base\17.0.6\javafx-base-17.0.6-win.jar;C:\Users\HUAWEI\.m2\repository\org\openjfx\javafx-controls\17.0.6\javafx-controls-17.0.6-win.jar;C:\Users\HUAWEI\.m2\repository\org\openjfx\javafx-fxml\17.0.6\javafx-fxml-17.0.6-win.jar;C:\Users\HUAWEI\.m2\repository\org\openjfx\javafx-graphics\17.0.6\javafx-graphics-17.0.6-win.jar --add-modules=com.example.demo -Djdk.module.main=com.example.demo 
java_command: com.example.demo/com.example.demo.HelloApplication
java_class_path (initial): C:\Users\HUAWEI\.m2\repository\com\google\protobuf\protobuf-java\3.21.9\protobuf-java-3.21.9.jar;C:\Users\HUAWEI\.m2\repository\com\mysql\mysql-connector-j\8.0.33\mysql-connector-j-8.0.33.jar;C:\Users\HUAWEI\.m2\repository\org\openjfx\javafx-base\17.0.6\javafx-base-17.0.6.jar;C:\Users\HUAWEI\.m2\repository\org\openjfx\javafx-controls\17.0.6\javafx-controls-17.0.6.jar;C:\Users\HUAWEI\.m2\repository\org\openjfx\javafx-fxml\17.0.6\javafx-fxml-17.0.6.jar;C:\Users\HUAWEI\.m2\repository\org\openjfx\javafx-graphics\17.0.6\javafx-graphics-17.0.6.jar
Launcher Type: SUN_STANDARD

[Global flags]
     intx CICompilerCount                          = 3                                         {product} {ergonomic}
     uint ConcGCThreads                            = 1                                         {product} {ergonomic}
     uint G1ConcRefinementThreads                  = 4                                         {product} {ergonomic}
   size_t G1HeapRegionSize                         = 1048576                                   {product} {ergonomic}
    uintx GCDrainStackTargetSize                   = 64                                        {product} {ergonomic}
   size_t InitialHeapSize                          = 132120576                                 {product} {ergonomic}
   size_t MarkStackSize                            = 4194304                                   {product} {ergonomic}
   size_t MaxHeapSize                              = 2105540608                                {product} {ergonomic}
   size_t MinHeapDeltaBytes                        = 1048576                                   {product} {ergonomic}
   size_t MinHeapSize                              = 8388608                                   {product} {ergonomic}
    uintx NonNMethodCodeHeapSize                   = 5832780                                {pd product} {ergonomic}
    uintx NonProfiledCodeHeapSize                  = 122912730                              {pd product} {ergonomic}
    uintx ProfiledCodeHeapSize                     = 122912730                              {pd product} {ergonomic}
    uintx ReservedCodeCacheSize                    = 251658240                              {pd product} {ergonomic}
     bool SegmentedCodeCache                       = true                                      {product} {ergonomic}
   size_t SoftMaxHeapSize                          = 2105540608                             {manageable} {ergonomic}
     bool UseCompressedClassPointers               = true                           {product lp64_product} {ergonomic}
     bool UseCompressedOops                        = true                           {product lp64_product} {ergonomic}
     bool UseG1GC                                  = true                                      {product} {ergonomic}
     bool UseLargePagesIndividualAllocation        = false                                  {pd product} {ergonomic}

Logging:
Log output configuration:
 #0: stdout all=warning uptime,level,tags
 #1: stderr all=off uptime,level,tags

Environment Variables:
JAVA_HOME=C:\Users\HUAWEI\.jdks\corretto-17.0.11
PATH=C:\Users\HUAWEI\.jdks\corretto-17.0.11\bin;C:\oraclexe\app\oracle\product\11.2.0\server\bin;C:\Windows\System32\HWAudioDriverLibs;C:\Windows\system32;C:\Windows;C:\Windows\System32\Wbem;C:\Windows\System32\WindowsPowerShell\v1.0\;C:\Windows\System32\OpenSSH\;C:\Windows\system32\config\systemprofile\AppData\Local\Microsoft\WindowsApps;C:\Program Files\nodejs\;C:\WINDOWS\system32;C:\WINDOWS;C:\WINDOWS\System32\Wbem;C:\WINDOWS\System32\WindowsPowerShell\v1.0\;C:\WINDOWS\System32\OpenSSH\;C:\xampp\php;C:\Program Files\Git\cmd;C:\Program Files (x86)\Git\cmd;C:\Users\HUAWEI\scoop\shims;C:\Users\HUAWEI\AppData\Local\Microsoft\WindowsApps;;C:\Users\HUAWEI\AppData\Local\Programs\Microsoft VS Code\bin;C:\Users\HUAWEI\AppData\Roaming\npm;C:\Users\HUAWEI\AppData\Local\ComposerSetup\bin;C:\Users\HUAWEI\AppData\Roaming\Composer\vendor\bin
USERNAME=HUAWEI
OS=Windows_NT
PROCESSOR_IDENTIFIER=Intel64 Family 6 Model 142 Stepping 12, GenuineIntel
TMP=C:\Users\HUAWEI\AppData\Local\Temp
TEMP=C:\Users\HUAWEI\AppData\Local\Temp



Periodic native trim disabled


---------------  S Y S T E M  ---------------

OS:
 Windows 11 , 64 bit Build 22621 (10.0.22621.3374)
OS uptime: 4 days 20:25 hours

CPU: total 4 (initial active 4) (2 cores per cpu, 2 threads per core) family 6 model 142 stepping 12 microcode 0xde, cx8, cmov, fxsr, ht, mmx, 3dnowpref, sse, sse2, sse3, ssse3, sse4.1, sse4.2, popcnt, lzcnt, tsc, tscinvbit, avx, avx2, aes, erms, clmul, bmi1, bmi2, adx, fma, vzeroupper, clflush, clflushopt
Processor Information for all 4 processors :
  Max Mhz: 2592, Current Mhz: 2592, Mhz Limit: 2073

Memory: 4k page, system-wide physical 8025M (1496M free)
TotalPageFile size 16391M (AvailPageFile size 60M)
current process WorkingSet (physical memory assigned to process): 11M, peak: 11M
current process commit charge ("private bytes"): 52M, peak: 178M

vm_info: OpenJDK 64-Bit Server VM (17.0.11+9-LTS) for windows-amd64 JRE (17.0.11+9-LTS), built on Apr 10 2024 22:12:24 by "Administrator" with MS VC++ 16.10 / 16.11 (VS2019)

END.
