#
# There is insufficient memory for the Java Runtime Environment to continue.
# Native memory allocation (malloc) failed to allocate 433504 bytes. Error detail: Chunk::new
# Possible reasons:
#   The system is out of physical RAM or swap space
#   This process is running with CompressedOops enabled, and the Java Heap may be blocking the growth of the native heap
# Possible solutions:
#   Reduce memory load on the system
#   Increase physical memory or swap space
#   Check if swap backing store is full
#   Decrease Java heap size (-Xmx/-Xms)
#   Decrease number of Java threads
#   Decrease Java thread stack sizes (-Xss)
#   Set larger code cache with -XX:ReservedCodeCacheSize=
#   JVM is running with Unscaled Compressed Oops mode in which the Java heap is
#     placed in the first 4GB address space. The Java Heap base address is the
#     maximum limit for the native heap growth. Please use -XX:HeapBaseMinAddress
#     to set the Java Heap base and to place the Java Heap above 4GB virtual address.
# This output file may be truncated or incomplete.
#
#  Out of Memory Error (arena.cpp:150), pid=18980, tid=22340
#
# JRE version: OpenJDK Runtime Environment (22.0.1+8) (build 22.0.1+8-16)
# Java VM: OpenJDK 64-Bit Server VM (22.0.1+8-16, mixed mode, sharing, tiered, compressed oops, compressed class ptrs, g1 gc, windows-amd64)
# No core dump will be written. Minidumps are not enabled by default on client versions of Windows
#

---------------  S U M M A R Y ------------

Command Line: -Dmaven.multiModuleProjectDirectory=C:\Users\HUAWEI\Desktop\sirine hamzaoui\PiJava -Djansi.passthrough=true -Dmaven.home=C:\Users\HUAWEI\.m2\wrapper\dists\apache-maven-3.8.5-bin\5i5jha092a3i37g0paqnfr15e0\apache-maven-3.8.5 -Dclassworlds.conf=C:\Users\HUAWEI\.m2\wrapper\dists\apache-maven-3.8.5-bin\5i5jha092a3i37g0paqnfr15e0\apache-maven-3.8.5\bin\m2.conf -Dmaven.ext.class.path=D:\Program Files\JetBrains\IntelliJ IDEA 2023.2.1\plugins\maven\lib\maven-event-listener.jar -javaagent:D:\Program Files\JetBrains\IntelliJ IDEA 2023.2.1\lib\idea_rt.jar=28401:D:\Program Files\JetBrains\IntelliJ IDEA 2023.2.1\bin -Dfile.encoding=UTF-8 -Dsun.stdout.encoding=UTF-8 -Dsun.stderr.encoding=UTF-8 org.codehaus.classworlds.Launcher -Didea.version=2023.2.1 org.openjfx:javafx-maven-plugin:0.0.8:run

Host: Intel(R) Core(TM) i3-10110U CPU @ 2.10GHz, 4 cores, 7G,  Windows 11 , 64 bit Build 22621 (10.0.22621.3374)
Time: Thu Apr 25 01:45:34 2024 UTC-11 elapsed time: 2.048591 seconds (0d 0h 0m 2s)

---------------  T H R E A D  ---------------

Current thread (0x00000154403cbb50):  JavaThread "C2 CompilerThread0" daemon [_thread_in_native, id=22340, stack(0x0000001a23c00000,0x0000001a23d00000) (1024K)]


Current CompileTask:
C2:2048 2217       4       jdk.internal.org.objectweb.asm.Frame::execute (2305 bytes)

Stack: [0x0000001a23c00000,0x0000001a23d00000]
Native frames: (J=compiled Java code, j=interpreted, Vv=VM code, C=native code)
V  [jvm.dll+0x6e2279]  (no source info available)
V  [jvm.dll+0x874e33]  (no source info available)
V  [jvm.dll+0x87725e]  (no source info available)
V  [jvm.dll+0x877933]  (no source info available)
V  [jvm.dll+0x27fd76]  (no source info available)
V  [jvm.dll+0xc3d0f]  (no source info available)
V  [jvm.dll+0xc3f6b]  (no source info available)
V  [jvm.dll+0x3bb10c]  (no source info available)
V  [jvm.dll+0x387b6b]  (no source info available)
V  [jvm.dll+0x386fda]  (no source info available)
V  [jvm.dll+0x247918]  (no source info available)
V  [jvm.dll+0x246fbf]  (no source info available)
V  [jvm.dll+0x1c4e90]  (no source info available)
V  [jvm.dll+0x2569fe]  (no source info available)
V  [jvm.dll+0x254cba]  (no source info available)
V  [jvm.dll+0x3f5336]  (no source info available)
V  [jvm.dll+0x81d44b]  (no source info available)
V  [jvm.dll+0x6e0915]  (no source info available)
C  [ucrtbase.dll+0x29333]  (no source info available)
C  [KERNEL32.DLL+0x1257d]  (no source info available)
C  [ntdll.dll+0x5aa48]  (no source info available)


---------------  P R O C E S S  ---------------

Threads class SMR info:
_java_thread_list=0x0000015486c02370, length=13, elements={
0x0000015424587320, 0x00000154403b9e20, 0x00000154403baef0, 0x00000154403c7ab0,
0x00000154403c8510, 0x00000154403c98c0, 0x00000154403cac10, 0x00000154403cbb50,
0x00000154403ccd70, 0x0000015440607f80, 0x00000154407a1d80, 0x00000154407a23f0,
0x00000154868c7820
}

Java Threads: ( => current thread )
  0x0000015424587320 JavaThread "main"                              [_thread_in_vm, id=14072, stack(0x0000001a22c00000,0x0000001a22d00000) (1024K)]
  0x00000154403b9e20 JavaThread "Reference Handler"          daemon [_thread_blocked, id=12556, stack(0x0000001a23600000,0x0000001a23700000) (1024K)]
  0x00000154403baef0 JavaThread "Finalizer"                  daemon [_thread_blocked, id=7876, stack(0x0000001a23700000,0x0000001a23800000) (1024K)]
  0x00000154403c7ab0 JavaThread "Signal Dispatcher"          daemon [_thread_blocked, id=12740, stack(0x0000001a23800000,0x0000001a23900000) (1024K)]
  0x00000154403c8510 JavaThread "Attach Listener"            daemon [_thread_blocked, id=17820, stack(0x0000001a23900000,0x0000001a23a00000) (1024K)]
  0x00000154403c98c0 JavaThread "Service Thread"             daemon [_thread_blocked, id=24916, stack(0x0000001a23a00000,0x0000001a23b00000) (1024K)]
  0x00000154403cac10 JavaThread "Monitor Deflation Thread"   daemon [_thread_blocked, id=21924, stack(0x0000001a23b00000,0x0000001a23c00000) (1024K)]
=>0x00000154403cbb50 JavaThread "C2 CompilerThread0"         daemon [_thread_in_native, id=22340, stack(0x0000001a23c00000,0x0000001a23d00000) (1024K)]
  0x00000154403ccd70 JavaThread "C1 CompilerThread0"         daemon [_thread_blocked, id=5124, stack(0x0000001a23d00000,0x0000001a23e00000) (1024K)]
  0x0000015440607f80 JavaThread "Common-Cleaner"             daemon [_thread_blocked, id=6408, stack(0x0000001a23e00000,0x0000001a23f00000) (1024K)]
  0x00000154407a1d80 JavaThread "Monitor Ctrl-Break"         daemon [_thread_in_native, id=19060, stack(0x0000001a23f00000,0x0000001a24000000) (1024K)]
  0x00000154407a23f0 JavaThread "Notification Thread"        daemon [_thread_blocked, id=20152, stack(0x0000001a24000000,0x0000001a24100000) (1024K)]
  0x00000154868c7820 JavaThread "C2 CompilerThread1"         daemon [_thread_in_native, id=4384, stack(0x0000001a24400000,0x0000001a24500000) (1024K)]
Total: 13

Other Threads:
  0x00000154403a0c20 VMThread "VM Thread"                           [id=18444, stack(0x0000001a23400000,0x0000001a23500000) (1024K)]
  0x00000154403892f0 WatcherThread "VM Periodic Task Thread"        [id=12348, stack(0x0000001a23300000,0x0000001a23400000) (1024K)]
  0x00000154245dfe20 WorkerThread "GC Thread#0"                     [id=12772, stack(0x0000001a22e00000,0x0000001a22f00000) (1024K)]
  0x0000015486503a30 WorkerThread "GC Thread#1"                     [id=10136, stack(0x0000001a24100000,0x0000001a24200000) (1024K)]
  0x0000015486451270 WorkerThread "GC Thread#2"                     [id=23168, stack(0x0000001a24200000,0x0000001a24300000) (1024K)]
  0x0000015486454c90 WorkerThread "GC Thread#3"                     [id=10624, stack(0x0000001a24300000,0x0000001a24400000) (1024K)]
  0x00000154245f0910 ConcurrentGCThread "G1 Main Marker"            [id=6900, stack(0x0000001a22f00000,0x0000001a23000000) (1024K)]
  0x00000154245f15d0 WorkerThread "G1 Conc#0"                       [id=18008, stack(0x0000001a23000000,0x0000001a23100000) (1024K)]
  0x000001544025c510 ConcurrentGCThread "G1 Refine#0"               [id=17520, stack(0x0000001a23100000,0x0000001a23200000) (1024K)]
  0x000001544025d150 ConcurrentGCThread "G1 Service"                [id=4340, stack(0x0000001a23200000,0x0000001a23300000) (1024K)]
Total: 10

Threads with active compile tasks:
C2 CompilerThread0  2107 2217       4       jdk.internal.org.objectweb.asm.Frame::execute (2305 bytes)
C2 CompilerThread1  2107 2239       4       jdk.internal.org.objectweb.asm.SymbolTable::addConstantUtf8 (98 bytes)
Total: 2

VM state: not at safepoint (normal execution)

VM Mutex/Monitor currently owned by a thread:  ([mutex/lock_event])
[0x00007ff9ddc89b38] Metaspace_lock - owner thread: 0x0000015424587320

Heap address: 0x0000000082800000, size: 2008 MB, Compressed Oops mode: 32-bit

CDS archive(s) mapped at: [0x0000015441000000-0x0000015441c50000-0x0000015441c50000), size 12910592, SharedBaseAddress: 0x0000015441000000, ArchiveRelocationMode: 1.
Compressed class space mapped at: 0x0000015442000000-0x0000015482000000, reserved size: 1073741824
Narrow klass base: 0x0000015441000000, Narrow klass shift: 0, Narrow klass range: 0x41000000

GC Precious Log:
 CardTable entry size: 512
 Card Set container configuration: InlinePtr #cards 5 size 8 Array Of Cards #cards 12 size 40 Howl #buckets 4 coarsen threshold 1843 Howl Bitmap #cards 512 size 80 coarsen threshold 460 Card regions per heap region 1 cards per card region 2048
 CPUs: 4 total, 4 available
 Memory: 8025M
 Large Page Support: Disabled
 NUMA Support: Disabled
 Compressed Oops: Enabled (32-bit)
 Heap Region Size: 1M
 Heap Min Capacity: 8M
 Heap Initial Capacity: 126M
 Heap Max Capacity: 2008M
 Pre-touch: Disabled
 Parallel Workers: 4
 Concurrent Workers: 1
 Concurrent Refinement Workers: 4
 Periodic GC: Disabled

Heap:
 garbage-first heap   total reserved 2056192K, committed 129024K, used 29433K [0x0000000082800000, 0x0000000100000000)
  region size 1024K, 27 young (27648K), 2 survivors (2048K)
 Metaspace       used 10982K, committed 11200K, reserved 1114112K
  class space    used 1343K, committed 1472K, reserved 1048576K

Heap Regions: E=young(eden), S=young(survivor), O=old, HS=humongous(starts), HC=humongous(continues), CS=collection set, F=free, TAMS=top-at-mark-start, PB=parsable bottom
|   0|0x0000000082800000, 0x0000000082900000, 0x0000000082900000|100%| O|  |TAMS 0x0000000082800000| PB 0x0000000082800000| Untracked |  0
|   1|0x0000000082900000, 0x0000000082a00000, 0x0000000082a00000|100%| O|  |TAMS 0x0000000082900000| PB 0x0000000082900000| Untracked |  0
|   2|0x0000000082a00000, 0x0000000082b00000, 0x0000000082b00000|100%| O|  |TAMS 0x0000000082a00000| PB 0x0000000082a00000| Untracked |  0
|   3|0x0000000082b00000, 0x0000000082b50440, 0x0000000082c00000| 31%| O|  |TAMS 0x0000000082b00000| PB 0x0000000082b00000| Untracked |  0
|   4|0x0000000082c00000, 0x0000000082c00000, 0x0000000082d00000|  0%| F|  |TAMS 0x0000000082c00000| PB 0x0000000082c00000| Untracked |  0
|   5|0x0000000082d00000, 0x0000000082d00000, 0x0000000082e00000|  0%| F|  |TAMS 0x0000000082d00000| PB 0x0000000082d00000| Untracked |  0
|   6|0x0000000082e00000, 0x0000000082e00000, 0x0000000082f00000|  0%| F|  |TAMS 0x0000000082e00000| PB 0x0000000082e00000| Untracked |  0
|   7|0x0000000082f00000, 0x0000000082f00000, 0x0000000083000000|  0%| F|  |TAMS 0x0000000082f00000| PB 0x0000000082f00000| Untracked |  0
|   8|0x0000000083000000, 0x0000000083000000, 0x0000000083100000|  0%| F|  |TAMS 0x0000000083000000| PB 0x0000000083000000| Untracked |  0
|   9|0x0000000083100000, 0x0000000083100000, 0x0000000083200000|  0%| F|  |TAMS 0x0000000083100000| PB 0x0000000083100000| Untracked |  0
|  10|0x0000000083200000, 0x0000000083200000, 0x0000000083300000|  0%| F|  |TAMS 0x0000000083200000| PB 0x0000000083200000| Untracked |  0
|  11|0x0000000083300000, 0x0000000083300000, 0x0000000083400000|  0%| F|  |TAMS 0x0000000083300000| PB 0x0000000083300000| Untracked |  0
|  12|0x0000000083400000, 0x0000000083400000, 0x0000000083500000|  0%| F|  |TAMS 0x0000000083400000| PB 0x0000000083400000| Untracked |  0
|  13|0x0000000083500000, 0x0000000083500000, 0x0000000083600000|  0%| F|  |TAMS 0x0000000083500000| PB 0x0000000083500000| Untracked |  0
|  14|0x0000000083600000, 0x0000000083600000, 0x0000000083700000|  0%| F|  |TAMS 0x0000000083600000| PB 0x0000000083600000| Untracked |  0
|  15|0x0000000083700000, 0x0000000083700000, 0x0000000083800000|  0%| F|  |TAMS 0x0000000083700000| PB 0x0000000083700000| Untracked |  0
|  16|0x0000000083800000, 0x0000000083800000, 0x0000000083900000|  0%| F|  |TAMS 0x0000000083800000| PB 0x0000000083800000| Untracked |  0
|  17|0x0000000083900000, 0x0000000083900000, 0x0000000083a00000|  0%| F|  |TAMS 0x0000000083900000| PB 0x0000000083900000| Untracked |  0
|  18|0x0000000083a00000, 0x0000000083a00000, 0x0000000083b00000|  0%| F|  |TAMS 0x0000000083a00000| PB 0x0000000083a00000| Untracked |  0
|  19|0x0000000083b00000, 0x0000000083b00000, 0x0000000083c00000|  0%| F|  |TAMS 0x0000000083b00000| PB 0x0000000083b00000| Untracked |  0
|  20|0x0000000083c00000, 0x0000000083c00000, 0x0000000083d00000|  0%| F|  |TAMS 0x0000000083c00000| PB 0x0000000083c00000| Untracked |  0
|  21|0x0000000083d00000, 0x0000000083d00000, 0x0000000083e00000|  0%| F|  |TAMS 0x0000000083d00000| PB 0x0000000083d00000| Untracked |  0
|  22|0x0000000083e00000, 0x0000000083e00000, 0x0000000083f00000|  0%| F|  |TAMS 0x0000000083e00000| PB 0x0000000083e00000| Untracked |  0
|  23|0x0000000083f00000, 0x0000000083f00000, 0x0000000084000000|  0%| F|  |TAMS 0x0000000083f00000| PB 0x0000000083f00000| Untracked |  0
|  24|0x0000000084000000, 0x0000000084000000, 0x0000000084100000|  0%| F|  |TAMS 0x0000000084000000| PB 0x0000000084000000| Untracked |  0
|  25|0x0000000084100000, 0x0000000084100000, 0x0000000084200000|  0%| F|  |TAMS 0x0000000084100000| PB 0x0000000084100000| Untracked |  0
|  26|0x0000000084200000, 0x0000000084200000, 0x0000000084300000|  0%| F|  |TAMS 0x0000000084200000| PB 0x0000000084200000| Untracked |  0
|  27|0x0000000084300000, 0x0000000084300000, 0x0000000084400000|  0%| F|  |TAMS 0x0000000084300000| PB 0x0000000084300000| Untracked |  0
|  28|0x0000000084400000, 0x0000000084400000, 0x0000000084500000|  0%| F|  |TAMS 0x0000000084400000| PB 0x0000000084400000| Untracked |  0
|  29|0x0000000084500000, 0x0000000084500000, 0x0000000084600000|  0%| F|  |TAMS 0x0000000084500000| PB 0x0000000084500000| Untracked |  0
|  30|0x0000000084600000, 0x0000000084600000, 0x0000000084700000|  0%| F|  |TAMS 0x0000000084600000| PB 0x0000000084600000| Untracked |  0
|  31|0x0000000084700000, 0x0000000084700000, 0x0000000084800000|  0%| F|  |TAMS 0x0000000084700000| PB 0x0000000084700000| Untracked |  0
|  32|0x0000000084800000, 0x0000000084800000, 0x0000000084900000|  0%| F|  |TAMS 0x0000000084800000| PB 0x0000000084800000| Untracked |  0
|  33|0x0000000084900000, 0x0000000084900000, 0x0000000084a00000|  0%| F|  |TAMS 0x0000000084900000| PB 0x0000000084900000| Untracked |  0
|  34|0x0000000084a00000, 0x0000000084a00000, 0x0000000084b00000|  0%| F|  |TAMS 0x0000000084a00000| PB 0x0000000084a00000| Untracked |  0
|  35|0x0000000084b00000, 0x0000000084b00000, 0x0000000084c00000|  0%| F|  |TAMS 0x0000000084b00000| PB 0x0000000084b00000| Untracked |  0
|  36|0x0000000084c00000, 0x0000000084c00000, 0x0000000084d00000|  0%| F|  |TAMS 0x0000000084c00000| PB 0x0000000084c00000| Untracked |  0
|  37|0x0000000084d00000, 0x0000000084d00000, 0x0000000084e00000|  0%| F|  |TAMS 0x0000000084d00000| PB 0x0000000084d00000| Untracked |  0
|  38|0x0000000084e00000, 0x0000000084e00000, 0x0000000084f00000|  0%| F|  |TAMS 0x0000000084e00000| PB 0x0000000084e00000| Untracked |  0
|  39|0x0000000084f00000, 0x0000000084f00000, 0x0000000085000000|  0%| F|  |TAMS 0x0000000084f00000| PB 0x0000000084f00000| Untracked |  0
|  40|0x0000000085000000, 0x0000000085000000, 0x0000000085100000|  0%| F|  |TAMS 0x0000000085000000| PB 0x0000000085000000| Untracked |  0
|  41|0x0000000085100000, 0x0000000085100000, 0x0000000085200000|  0%| F|  |TAMS 0x0000000085100000| PB 0x0000000085100000| Untracked |  0
|  42|0x0000000085200000, 0x0000000085200000, 0x0000000085300000|  0%| F|  |TAMS 0x0000000085200000| PB 0x0000000085200000| Untracked |  0
|  43|0x0000000085300000, 0x0000000085300000, 0x0000000085400000|  0%| F|  |TAMS 0x0000000085300000| PB 0x0000000085300000| Untracked |  0
|  44|0x0000000085400000, 0x0000000085400000, 0x0000000085500000|  0%| F|  |TAMS 0x0000000085400000| PB 0x0000000085400000| Untracked |  0
|  45|0x0000000085500000, 0x0000000085500000, 0x0000000085600000|  0%| F|  |TAMS 0x0000000085500000| PB 0x0000000085500000| Untracked |  0
|  46|0x0000000085600000, 0x0000000085600000, 0x0000000085700000|  0%| F|  |TAMS 0x0000000085600000| PB 0x0000000085600000| Untracked |  0
|  47|0x0000000085700000, 0x0000000085700000, 0x0000000085800000|  0%| F|  |TAMS 0x0000000085700000| PB 0x0000000085700000| Untracked |  0
|  48|0x0000000085800000, 0x0000000085800000, 0x0000000085900000|  0%| F|  |TAMS 0x0000000085800000| PB 0x0000000085800000| Untracked |  0
|  49|0x0000000085900000, 0x0000000085900000, 0x0000000085a00000|  0%| F|  |TAMS 0x0000000085900000| PB 0x0000000085900000| Untracked |  0
|  50|0x0000000085a00000, 0x0000000085a00000, 0x0000000085b00000|  0%| F|  |TAMS 0x0000000085a00000| PB 0x0000000085a00000| Untracked |  0
|  51|0x0000000085b00000, 0x0000000085b00000, 0x0000000085c00000|  0%| F|  |TAMS 0x0000000085b00000| PB 0x0000000085b00000| Untracked |  0
|  52|0x0000000085c00000, 0x0000000085c00000, 0x0000000085d00000|  0%| F|  |TAMS 0x0000000085c00000| PB 0x0000000085c00000| Untracked |  0
|  53|0x0000000085d00000, 0x0000000085d00000, 0x0000000085e00000|  0%| F|  |TAMS 0x0000000085d00000| PB 0x0000000085d00000| Untracked |  0
|  54|0x0000000085e00000, 0x0000000085e00000, 0x0000000085f00000|  0%| F|  |TAMS 0x0000000085e00000| PB 0x0000000085e00000| Untracked |  0
|  55|0x0000000085f00000, 0x0000000085f00000, 0x0000000086000000|  0%| F|  |TAMS 0x0000000085f00000| PB 0x0000000085f00000| Untracked |  0
|  56|0x0000000086000000, 0x0000000086000000, 0x0000000086100000|  0%| F|  |TAMS 0x0000000086000000| PB 0x0000000086000000| Untracked |  0
|  57|0x0000000086100000, 0x0000000086100000, 0x0000000086200000|  0%| F|  |TAMS 0x0000000086100000| PB 0x0000000086100000| Untracked |  0
|  58|0x0000000086200000, 0x0000000086200000, 0x0000000086300000|  0%| F|  |TAMS 0x0000000086200000| PB 0x0000000086200000| Untracked |  0
|  59|0x0000000086300000, 0x0000000086300000, 0x0000000086400000|  0%| F|  |TAMS 0x0000000086300000| PB 0x0000000086300000| Untracked |  0
|  60|0x0000000086400000, 0x0000000086400000, 0x0000000086500000|  0%| F|  |TAMS 0x0000000086400000| PB 0x0000000086400000| Untracked |  0
|  61|0x0000000086500000, 0x0000000086500000, 0x0000000086600000|  0%| F|  |TAMS 0x0000000086500000| PB 0x0000000086500000| Untracked |  0
|  62|0x0000000086600000, 0x0000000086600000, 0x0000000086700000|  0%| F|  |TAMS 0x0000000086600000| PB 0x0000000086600000| Untracked |  0
|  63|0x0000000086700000, 0x0000000086700000, 0x0000000086800000|  0%| F|  |TAMS 0x0000000086700000| PB 0x0000000086700000| Untracked |  0
|  64|0x0000000086800000, 0x0000000086800000, 0x0000000086900000|  0%| F|  |TAMS 0x0000000086800000| PB 0x0000000086800000| Untracked |  0
|  65|0x0000000086900000, 0x0000000086900000, 0x0000000086a00000|  0%| F|  |TAMS 0x0000000086900000| PB 0x0000000086900000| Untracked |  0
|  66|0x0000000086a00000, 0x0000000086a00000, 0x0000000086b00000|  0%| F|  |TAMS 0x0000000086a00000| PB 0x0000000086a00000| Untracked |  0
|  67|0x0000000086b00000, 0x0000000086b00000, 0x0000000086c00000|  0%| F|  |TAMS 0x0000000086b00000| PB 0x0000000086b00000| Untracked |  0
|  68|0x0000000086c00000, 0x0000000086c00000, 0x0000000086d00000|  0%| F|  |TAMS 0x0000000086c00000| PB 0x0000000086c00000| Untracked |  0
|  69|0x0000000086d00000, 0x0000000086d00000, 0x0000000086e00000|  0%| F|  |TAMS 0x0000000086d00000| PB 0x0000000086d00000| Untracked |  0
|  70|0x0000000086e00000, 0x0000000086e00000, 0x0000000086f00000|  0%| F|  |TAMS 0x0000000086e00000| PB 0x0000000086e00000| Untracked |  0
|  71|0x0000000086f00000, 0x0000000086f00000, 0x0000000087000000|  0%| F|  |TAMS 0x0000000086f00000| PB 0x0000000086f00000| Untracked |  0
|  72|0x0000000087000000, 0x0000000087000000, 0x0000000087100000|  0%| F|  |TAMS 0x0000000087000000| PB 0x0000000087000000| Untracked |  0
|  73|0x0000000087100000, 0x0000000087100000, 0x0000000087200000|  0%| F|  |TAMS 0x0000000087100000| PB 0x0000000087100000| Untracked |  0
|  74|0x0000000087200000, 0x0000000087200000, 0x0000000087300000|  0%| F|  |TAMS 0x0000000087200000| PB 0x0000000087200000| Untracked |  0
|  75|0x0000000087300000, 0x0000000087300000, 0x0000000087400000|  0%| F|  |TAMS 0x0000000087300000| PB 0x0000000087300000| Untracked |  0
|  76|0x0000000087400000, 0x0000000087400000, 0x0000000087500000|  0%| F|  |TAMS 0x0000000087400000| PB 0x0000000087400000| Untracked |  0
|  77|0x0000000087500000, 0x0000000087500000, 0x0000000087600000|  0%| F|  |TAMS 0x0000000087500000| PB 0x0000000087500000| Untracked |  0
|  78|0x0000000087600000, 0x0000000087600000, 0x0000000087700000|  0%| F|  |TAMS 0x0000000087600000| PB 0x0000000087600000| Untracked |  0
|  79|0x0000000087700000, 0x0000000087700000, 0x0000000087800000|  0%| F|  |TAMS 0x0000000087700000| PB 0x0000000087700000| Untracked |  0
|  80|0x0000000087800000, 0x0000000087800000, 0x0000000087900000|  0%| F|  |TAMS 0x0000000087800000| PB 0x0000000087800000| Untracked |  0
|  81|0x0000000087900000, 0x0000000087900000, 0x0000000087a00000|  0%| F|  |TAMS 0x0000000087900000| PB 0x0000000087900000| Untracked |  0
|  82|0x0000000087a00000, 0x0000000087a00000, 0x0000000087b00000|  0%| F|  |TAMS 0x0000000087a00000| PB 0x0000000087a00000| Untracked |  0
|  83|0x0000000087b00000, 0x0000000087b00000, 0x0000000087c00000|  0%| F|  |TAMS 0x0000000087b00000| PB 0x0000000087b00000| Untracked |  0
|  84|0x0000000087c00000, 0x0000000087c00000, 0x0000000087d00000|  0%| F|  |TAMS 0x0000000087c00000| PB 0x0000000087c00000| Untracked |  0
|  85|0x0000000087d00000, 0x0000000087d00000, 0x0000000087e00000|  0%| F|  |TAMS 0x0000000087d00000| PB 0x0000000087d00000| Untracked |  0
|  86|0x0000000087e00000, 0x0000000087e00000, 0x0000000087f00000|  0%| F|  |TAMS 0x0000000087e00000| PB 0x0000000087e00000| Untracked |  0
|  87|0x0000000087f00000, 0x0000000087f00000, 0x0000000088000000|  0%| F|  |TAMS 0x0000000087f00000| PB 0x0000000087f00000| Untracked |  0
|  88|0x0000000088000000, 0x0000000088000000, 0x0000000088100000|  0%| F|  |TAMS 0x0000000088000000| PB 0x0000000088000000| Untracked |  0
|  89|0x0000000088100000, 0x0000000088100000, 0x0000000088200000|  0%| F|  |TAMS 0x0000000088100000| PB 0x0000000088100000| Untracked |  0
|  90|0x0000000088200000, 0x0000000088200000, 0x0000000088300000|  0%| F|  |TAMS 0x0000000088200000| PB 0x0000000088200000| Untracked |  0
|  91|0x0000000088300000, 0x0000000088300000, 0x0000000088400000|  0%| F|  |TAMS 0x0000000088300000| PB 0x0000000088300000| Untracked |  0
|  92|0x0000000088400000, 0x0000000088400000, 0x0000000088500000|  0%| F|  |TAMS 0x0000000088400000| PB 0x0000000088400000| Untracked |  0
|  93|0x0000000088500000, 0x0000000088500000, 0x0000000088600000|  0%| F|  |TAMS 0x0000000088500000| PB 0x0000000088500000| Untracked |  0
|  94|0x0000000088600000, 0x0000000088600000, 0x0000000088700000|  0%| F|  |TAMS 0x0000000088600000| PB 0x0000000088600000| Untracked |  0
|  95|0x0000000088700000, 0x0000000088700000, 0x0000000088800000|  0%| F|  |TAMS 0x0000000088700000| PB 0x0000000088700000| Untracked |  0
|  96|0x0000000088800000, 0x0000000088800000, 0x0000000088900000|  0%| F|  |TAMS 0x0000000088800000| PB 0x0000000088800000| Untracked |  0
|  97|0x0000000088900000, 0x0000000088900000, 0x0000000088a00000|  0%| F|  |TAMS 0x0000000088900000| PB 0x0000000088900000| Untracked |  0
|  98|0x0000000088a00000, 0x0000000088a00000, 0x0000000088b00000|  0%| F|  |TAMS 0x0000000088a00000| PB 0x0000000088a00000| Untracked |  0
|  99|0x0000000088b00000, 0x0000000088c00000, 0x0000000088c00000|100%| E|  |TAMS 0x0000000088b00000| PB 0x0000000088b00000| Complete |  0
| 100|0x0000000088c00000, 0x0000000088d00000, 0x0000000088d00000|100%| E|CS|TAMS 0x0000000088c00000| PB 0x0000000088c00000| Complete |  0
| 101|0x0000000088d00000, 0x0000000088e00000, 0x0000000088e00000|100%| E|CS|TAMS 0x0000000088d00000| PB 0x0000000088d00000| Complete |  0
| 102|0x0000000088e00000, 0x0000000088f00000, 0x0000000088f00000|100%| E|CS|TAMS 0x0000000088e00000| PB 0x0000000088e00000| Complete |  0
| 103|0x0000000088f00000, 0x0000000089000000, 0x0000000089000000|100%| E|CS|TAMS 0x0000000088f00000| PB 0x0000000088f00000| Complete |  0
| 104|0x0000000089000000, 0x000000008906e1e0, 0x0000000089100000| 43%| S|CS|TAMS 0x0000000089000000| PB 0x0000000089000000| Complete |  0
| 105|0x0000000089100000, 0x0000000089200000, 0x0000000089200000|100%| S|CS|TAMS 0x0000000089100000| PB 0x0000000089100000| Complete |  0
| 106|0x0000000089200000, 0x0000000089300000, 0x0000000089300000|100%| E|CS|TAMS 0x0000000089200000| PB 0x0000000089200000| Complete |  0
| 107|0x0000000089300000, 0x0000000089400000, 0x0000000089400000|100%| E|CS|TAMS 0x0000000089300000| PB 0x0000000089300000| Complete |  0
| 108|0x0000000089400000, 0x0000000089500000, 0x0000000089500000|100%| E|CS|TAMS 0x0000000089400000| PB 0x0000000089400000| Complete |  0
| 109|0x0000000089500000, 0x0000000089600000, 0x0000000089600000|100%| E|CS|TAMS 0x0000000089500000| PB 0x0000000089500000| Complete |  0
| 110|0x0000000089600000, 0x0000000089700000, 0x0000000089700000|100%| E|CS|TAMS 0x0000000089600000| PB 0x0000000089600000| Complete |  0
| 111|0x0000000089700000, 0x0000000089800000, 0x0000000089800000|100%| E|CS|TAMS 0x0000000089700000| PB 0x0000000089700000| Complete |  0
| 112|0x0000000089800000, 0x0000000089900000, 0x0000000089900000|100%| E|CS|TAMS 0x0000000089800000| PB 0x0000000089800000| Complete |  0
| 113|0x0000000089900000, 0x0000000089a00000, 0x0000000089a00000|100%| E|CS|TAMS 0x0000000089900000| PB 0x0000000089900000| Complete |  0
| 114|0x0000000089a00000, 0x0000000089b00000, 0x0000000089b00000|100%| E|CS|TAMS 0x0000000089a00000| PB 0x0000000089a00000| Complete |  0
| 115|0x0000000089b00000, 0x0000000089c00000, 0x0000000089c00000|100%| E|CS|TAMS 0x0000000089b00000| PB 0x0000000089b00000| Complete |  0
| 116|0x0000000089c00000, 0x0000000089d00000, 0x0000000089d00000|100%| E|CS|TAMS 0x0000000089c00000| PB 0x0000000089c00000| Complete |  0
| 117|0x0000000089d00000, 0x0000000089e00000, 0x0000000089e00000|100%| E|CS|TAMS 0x0000000089d00000| PB 0x0000000089d00000| Complete |  0
| 118|0x0000000089e00000, 0x0000000089f00000, 0x0000000089f00000|100%| E|CS|TAMS 0x0000000089e00000| PB 0x0000000089e00000| Complete |  0
| 119|0x0000000089f00000, 0x000000008a000000, 0x000000008a000000|100%| E|CS|TAMS 0x0000000089f00000| PB 0x0000000089f00000| Complete |  0
| 120|0x000000008a000000, 0x000000008a100000, 0x000000008a100000|100%| E|CS|TAMS 0x000000008a000000| PB 0x000000008a000000| Complete |  0
| 121|0x000000008a100000, 0x000000008a200000, 0x000000008a200000|100%| E|CS|TAMS 0x000000008a100000| PB 0x000000008a100000| Complete |  0
| 122|0x000000008a200000, 0x000000008a300000, 0x000000008a300000|100%| E|CS|TAMS 0x000000008a200000| PB 0x000000008a200000| Complete |  0
| 123|0x000000008a300000, 0x000000008a400000, 0x000000008a400000|100%| E|CS|TAMS 0x000000008a300000| PB 0x000000008a300000| Complete |  0
| 124|0x000000008a400000, 0x000000008a500000, 0x000000008a500000|100%| E|CS|TAMS 0x000000008a400000| PB 0x000000008a400000| Complete |  0
| 125|0x000000008a500000, 0x000000008a600000, 0x000000008a600000|100%| E|CS|TAMS 0x000000008a500000| PB 0x000000008a500000| Complete |  0

Card table byte_map: [0x000001543bcc0000,0x000001543c0b0000] _byte_map_base: 0x000001543b8ac000

Marking Bits: (CMBitMap*) 0x00000154245e0530
 Bits: [0x000001543c0b0000, 0x000001543e010000)

Polling page: 0x00000154222b0000

Metaspace:

Usage:
  Non-class:      9.41 MB used.
      Class:      1.31 MB used.
       Both:     10.72 MB used.

Virtual space:
  Non-class space:       64.00 MB reserved,       9.50 MB ( 15%) committed,  1 nodes.
      Class space:        1.00 GB reserved,       1.44 MB ( <1%) committed,  1 nodes.
             Both:        1.06 GB reserved,      10.94 MB (  1%) committed. 

Chunk freelists:
   Non-Class:  5.38 MB
       Class:  14.60 MB
        Both:  19.98 MB

MaxMetaspaceSize: unlimited
CompressedClassSpaceSize: 1.00 GB
Initial GC threshold: 21.00 MB
Current GC threshold: 21.00 MB
CDS: on
 - commit_granule_bytes: 65536.
 - commit_granule_words: 8192.
 - virtual_space_node_default_size: 8388608.
 - enlarge_chunks_in_place: 1.
 - use_allocation_guard: 0.


Internal statistics:

num_allocs_failed_limit: 0.
num_arena_births: 226.
num_arena_deaths: 0.
num_vsnodes_births: 2.
num_vsnodes_deaths: 0.
num_space_committed: 175.
num_space_uncommitted: 0.
num_chunks_returned_to_freelist: 0.
num_chunks_taken_from_freelist: 543.
num_chunk_merges: 0.
num_chunk_splits: 404.
num_chunks_enlarged: 321.
num_inconsistent_stats: 0.

CodeHeap 'non-profiled nmethods': size=120000Kb used=893Kb max_used=893Kb free=119106Kb
 bounds [0x00000154343a0000, 0x0000015434610000, 0x000001543b8d0000]
CodeHeap 'profiled nmethods': size=120000Kb used=4314Kb max_used=4314Kb free=115685Kb
 bounds [0x000001542c8d0000, 0x000001542cd10000, 0x0000015433e00000]
CodeHeap 'non-nmethods': size=5760Kb used=1398Kb max_used=1417Kb free=4361Kb
 bounds [0x0000015433e00000, 0x0000015434070000, 0x00000154343a0000]
 total_blobs=2813 nmethods=2323 adapters=394
 compilation: enabled
              stopped_count=0, restarted_count=0
 full_count=0

Compilation events (20 events):
Event: 2.040 Thread 0x00000154403ccd70 2228       3       java.lang.invoke.InvokerBytecodeGenerator::emitPushArguments (45 bytes)
Event: 2.041 Thread 0x00000154403ccd70 nmethod 2228 0x000001542ccd5790 code [0x000001542ccd5980, 0x000001542ccd5f00]
Event: 2.041 Thread 0x00000154403ccd70 2229       3       java.lang.invoke.LambdaForm$NamedFunction::member (26 bytes)
Event: 2.041 Thread 0x00000154403ccd70 nmethod 2229 0x000001542ccd6210 code [0x000001542ccd63a0, 0x000001542ccd64c0]
Event: 2.041 Thread 0x00000154403ccd70 2230       3       jdk.internal.org.objectweb.asm.Type::<init> (26 bytes)
Event: 2.041 Thread 0x00000154403ccd70 nmethod 2230 0x000001542ccd6590 code [0x000001542ccd6720, 0x000001542ccd68e8]
Event: 2.041 Thread 0x00000154403ccd70 2231       3       java.lang.invoke.LambdaForm::useCount (61 bytes)
Event: 2.042 Thread 0x00000154403ccd70 nmethod 2231 0x000001542ccd6990 code [0x000001542ccd6b60, 0x000001542ccd6ea8]
Event: 2.042 Thread 0x00000154403ccd70 2233       3       jdk.internal.org.objectweb.asm.Type::getTypeInternal (218 bytes)
Event: 2.043 Thread 0x00000154403ccd70 nmethod 2233 0x000001542ccd7090 code [0x000001542ccd73e0, 0x000001542ccd8638]
Event: 2.043 Thread 0x00000154403ccd70 2234   !   3       com.google.inject.internal.MembersInjectorImpl::injectMembers (144 bytes)
Event: 2.044 Thread 0x00000154403ccd70 nmethod 2234 0x000001542ccd8c10 code [0x000001542ccd8ea0, 0x000001542ccd9cc0]
Event: 2.044 Thread 0x00000154403ccd70 2235       3       com.google.inject.internal.InternalContext::pushDependency (18 bytes)
Event: 2.044 Thread 0x00000154403ccd70 nmethod 2235 0x000001542ccda290 code [0x000001542ccda440, 0x000001542ccda5e0]
Event: 2.044 Thread 0x00000154403ccd70 2232       3       java.lang.invoke.InvokerBytecodeGenerator::storeInsnOpcode (98 bytes)
Event: 2.044 Thread 0x00000154403ccd70 nmethod 2232 0x000001542ccda690 code [0x000001542ccda900, 0x000001542ccdb248]
Event: 2.045 Thread 0x00000154403ccd70 2236       3       com.google.inject.internal.ConstructionContext::finishConstruction (11 bytes)
Event: 2.045 Thread 0x00000154403ccd70 nmethod 2236 0x000001542ccdb590 code [0x000001542ccdb720, 0x000001542ccdb858]
Event: 2.045 Thread 0x00000154403ccd70 2237       3       java.lang.System::checkKey (34 bytes)
Event: 2.045 Thread 0x00000154403ccd70 nmethod 2237 0x000001542ccdb910 code [0x000001542ccdbae0, 0x000001542ccdbe88]

GC Heap History (4 events):
Event: 0.792 GC heap before
{Heap before GC invocations=0 (full 0):
 garbage-first heap   total reserved 2056192K, committed 129024K, used 13312K [0x0000000082800000, 0x0000000100000000)
  region size 1024K, 14 young (14336K), 0 survivors (0K)
 Metaspace       used 4155K, committed 4352K, reserved 1114112K
  class space    used 440K, committed 512K, reserved 1048576K
}
Event: 0.802 GC heap after
{Heap after GC invocations=1 (full 0):
 garbage-first heap   total reserved 2056192K, committed 129024K, used 3295K [0x0000000082800000, 0x0000000100000000)
  region size 1024K, 2 young (2048K), 2 survivors (2048K)
 Metaspace       used 4155K, committed 4352K, reserved 1114112K
  class space    used 440K, committed 512K, reserved 1048576K
}
Event: 1.365 GC heap before
{Heap before GC invocations=1 (full 0):
 garbage-first heap   total reserved 2056192K, committed 129024K, used 21727K [0x0000000082800000, 0x0000000100000000)
  region size 1024K, 20 young (20480K), 2 survivors (2048K)
 Metaspace       used 6579K, committed 6784K, reserved 1114112K
  class space    used 750K, committed 832K, reserved 1048576K
}
Event: 1.369 GC heap after
{Heap after GC invocations=2 (full 0):
 garbage-first heap   total reserved 2056192K, committed 129024K, used 4857K [0x0000000082800000, 0x0000000100000000)
  region size 1024K, 2 young (2048K), 2 survivors (2048K)
 Metaspace       used 6579K, committed 6784K, reserved 1114112K
  class space    used 750K, committed 832K, reserved 1048576K
}

Dll operation events (12 events):
Event: 0.027 Loaded shared library C:\Users\HUAWEI\.jdks\openjdk-22.0.1\bin\java.dll
Event: 0.064 Loaded shared library C:\Users\HUAWEI\.jdks\openjdk-22.0.1\bin\jsvml.dll
Event: 0.115 Loaded shared library C:\Users\HUAWEI\.jdks\openjdk-22.0.1\bin\zip.dll
Event: 0.119 Loaded shared library C:\Users\HUAWEI\.jdks\openjdk-22.0.1\bin\instrument.dll
Event: 0.123 Loaded shared library C:\Users\HUAWEI\.jdks\openjdk-22.0.1\bin\net.dll
Event: 0.125 Loaded shared library C:\Users\HUAWEI\.jdks\openjdk-22.0.1\bin\nio.dll
Event: 0.128 Loaded shared library C:\Users\HUAWEI\.jdks\openjdk-22.0.1\bin\zip.dll
Event: 0.141 Loaded shared library D:\Program Files\JetBrains\IntelliJ IDEA 2023.2.1\bin\breakgen64.dll
Event: 0.151 Loaded shared library C:\Users\HUAWEI\.jdks\openjdk-22.0.1\bin\extnet.dll
Event: 0.262 Loaded shared library C:\Users\HUAWEI\.jdks\openjdk-22.0.1\bin\jimage.dll
Event: 0.409 Loaded shared library C:\Users\HUAWEI\AppData\Local\Temp\jansi-2.4.0-d3cca2a00d9bf726-jansi.dll
Event: 0.422 Loaded shared library C:\Users\HUAWEI\.jdks\openjdk-22.0.1\bin\verify.dll

Deoptimization events (20 events):
Event: 1.501 Thread 0x0000015424587320 Uncommon trap: trap_request=0xffffffde fr.pc=0x000001543444b9c8 relative=0x0000000000000128
Event: 1.501 Thread 0x0000015424587320 Uncommon trap: reason=class_check action=maybe_recompile pc=0x000001543444b9c8 method=jdk.internal.misc.Unsafe.allocateUninitializedArray(Ljava/lang/Class;I)Ljava/lang/Object; @ 51 c2
Event: 1.501 Thread 0x0000015424587320 DEOPT PACKING pc=0x000001543444b9c8 sp=0x0000001a22cfdc40
Event: 1.501 Thread 0x0000015424587320 DEOPT UNPACKING pc=0x0000015433e546a2 sp=0x0000001a22cfdbb8 mode 2
Event: 2.003 Thread 0x0000015424587320 Uncommon trap: trap_request=0xffffffd6 fr.pc=0x0000015434473c24 relative=0x0000000000000a84
Event: 2.003 Thread 0x0000015424587320 Uncommon trap: reason=array_check action=maybe_recompile pc=0x0000015434473c24 method=com.google.inject.internal.MoreTypes$ParameterizedTypeImpl.<init>(Ljava/lang/reflect/Type;Ljava/lang/reflect/Type;[Ljava/lang/reflect/Type;)V @ 98 c2
Event: 2.003 Thread 0x0000015424587320 DEOPT PACKING pc=0x0000015434473c24 sp=0x0000001a22cfa1e0
Event: 2.003 Thread 0x0000015424587320 DEOPT UNPACKING pc=0x0000015433e546a2 sp=0x0000001a22cfa128 mode 2
Event: 2.003 Thread 0x0000015424587320 Uncommon trap: trap_request=0xffffffd6 fr.pc=0x0000015434473c24 relative=0x0000000000000a84
Event: 2.003 Thread 0x0000015424587320 Uncommon trap: reason=array_check action=maybe_recompile pc=0x0000015434473c24 method=com.google.inject.internal.MoreTypes$ParameterizedTypeImpl.<init>(Ljava/lang/reflect/Type;Ljava/lang/reflect/Type;[Ljava/lang/reflect/Type;)V @ 98 c2
Event: 2.003 Thread 0x0000015424587320 DEOPT PACKING pc=0x0000015434473c24 sp=0x0000001a22cfa1c0
Event: 2.003 Thread 0x0000015424587320 DEOPT UNPACKING pc=0x0000015433e546a2 sp=0x0000001a22cfa108 mode 2
Event: 2.006 Thread 0x0000015424587320 Uncommon trap: trap_request=0xffffffd6 fr.pc=0x0000015434473c24 relative=0x0000000000000a84
Event: 2.006 Thread 0x0000015424587320 Uncommon trap: reason=array_check action=maybe_recompile pc=0x0000015434473c24 method=com.google.inject.internal.MoreTypes$ParameterizedTypeImpl.<init>(Ljava/lang/reflect/Type;Ljava/lang/reflect/Type;[Ljava/lang/reflect/Type;)V @ 98 c2
Event: 2.006 Thread 0x0000015424587320 DEOPT PACKING pc=0x0000015434473c24 sp=0x0000001a22cf8580
Event: 2.006 Thread 0x0000015424587320 DEOPT UNPACKING pc=0x0000015433e546a2 sp=0x0000001a22cf84c8 mode 2
Event: 2.006 Thread 0x0000015424587320 Uncommon trap: trap_request=0xffffffd6 fr.pc=0x0000015434473c24 relative=0x0000000000000a84
Event: 2.006 Thread 0x0000015424587320 Uncommon trap: reason=array_check action=maybe_recompile pc=0x0000015434473c24 method=com.google.inject.internal.MoreTypes$ParameterizedTypeImpl.<init>(Ljava/lang/reflect/Type;Ljava/lang/reflect/Type;[Ljava/lang/reflect/Type;)V @ 98 c2
Event: 2.006 Thread 0x0000015424587320 DEOPT PACKING pc=0x0000015434473c24 sp=0x0000001a22cf8580
Event: 2.006 Thread 0x0000015424587320 DEOPT UNPACKING pc=0x0000015433e546a2 sp=0x0000001a22cf84c8 mode 2

Classes loaded (20 events):
Event: 1.698 Loading class sun/reflect/generics/tree/VoidDescriptor
Event: 1.698 Loading class sun/reflect/generics/tree/VoidDescriptor done
Event: 1.698 Loading class sun/reflect/generics/tree/MethodTypeSignature
Event: 1.698 Loading class sun/reflect/generics/tree/MethodTypeSignature done
Event: 1.749 Loading class sun/reflect/generics/repository/FieldRepository
Event: 1.749 Loading class sun/reflect/generics/repository/FieldRepository done
Event: 1.879 Loading class sun/reflect/generics/scope/MethodScope
Event: 1.879 Loading class sun/reflect/generics/scope/MethodScope done
Event: 1.879 Loading class sun/reflect/generics/repository/MethodRepository
Event: 1.879 Loading class sun/reflect/generics/repository/MethodRepository done
Event: 1.909 Loading class java/util/ConcurrentModificationException
Event: 1.909 Loading class java/util/ConcurrentModificationException done
Event: 1.948 Loading class java/lang/ClassFormatError
Event: 1.948 Loading class java/lang/ClassFormatError done
Event: 2.009 Loading class java/util/concurrent/ThreadPoolExecutor
Event: 2.009 Loading class java/util/concurrent/ThreadPoolExecutor done
Event: 2.009 Loading class java/util/concurrent/ThreadPoolExecutor$AbortPolicy
Event: 2.009 Loading class java/util/concurrent/RejectedExecutionHandler
Event: 2.009 Loading class java/util/concurrent/RejectedExecutionHandler done
Event: 2.009 Loading class java/util/concurrent/ThreadPoolExecutor$AbortPolicy done

Classes unloaded (0 events):
No events

Classes redefined (0 events):
No events

Internal exceptions (17 events):
Event: 0.134 Thread 0x0000015424587320 Exception <a 'java/lang/NoSuchMethodError'{0x000000008a33f8a0}: 'void java.lang.invoke.DirectMethodHandle$Holder.invokeStatic(java.lang.Object, java.lang.Object, java.lang.Object)'> (0x000000008a33f8a0) 
thrown [s\open\src\hotspot\share\interpreter\linkResolver.cpp, line 774]
Event: 0.139 Thread 0x0000015424587320 Exception <a 'java/lang/NoSuchMethodError'{0x000000008a357580}: 'java.lang.Object java.lang.invoke.Invokers$Holder.invokeExact_MT(java.lang.Object, java.lang.Object, java.lang.Object, java.lang.Object, java.lang.Object)'> (0x000000008a357580) 
thrown [s\open\src\hotspot\share\interpreter\linkResolver.cpp, line 774]
Event: 0.153 Thread 0x00000154407a1d80 Exception <a 'java/lang/NoSuchMethodError'{0x000000008a3984a8}: 'void java.lang.invoke.DirectMethodHandle$Holder.invokeStatic(java.lang.Object, java.lang.Object)'> (0x000000008a3984a8) 
thrown [s\open\src\hotspot\share\interpreter\linkResolver.cpp, line 774]
Event: 0.258 Thread 0x0000015424587320 Exception <a 'java/lang/NullPointerException'{0x000000008a1f3ae0}> (0x000000008a1f3ae0) 
thrown [s\open\src\hotspot\share\interpreter\linkResolver.cpp, line 1374]
Event: 0.844 Thread 0x0000015424587320 Exception <a 'java/lang/NoSuchMethodError'{0x000000008a456ef0}: 'java.lang.Object java.lang.invoke.DirectMethodHandle$Holder.newInvokeSpecial(java.lang.Object, java.lang.Object, java.lang.Object, java.lang.Object, java.lang.Object)'> (0x000000008a456ef0) 
thrown [s\open\src\hotspot\share\interpreter\linkResolver.cpp, line 774]
Event: 0.888 Thread 0x0000015424587320 Exception <a 'java/lang/NoClassDefFoundError'{0x000000008a3ac630}: javax/enterprise/inject/Typed> (0x000000008a3ac630) 
thrown [s\open\src\hotspot\share\classfile\systemDictionary.cpp, line 302]
Event: 1.158 Thread 0x00000154403c8510 Exception <a 'java/lang/NoSuchMethodError'{0x0000000089a8dab8}: 'java.lang.Object java.lang.invoke.DirectMethodHandle$Holder.invokeStaticInit(java.lang.Object, int)'> (0x0000000089a8dab8) 
thrown [s\open\src\hotspot\share\interpreter\linkResolver.cpp, line 774]
Event: 1.176 Thread 0x00000154403c8510 Exception <a 'java/lang/NoSuchMethodError'{0x0000000089923870}: 'java.lang.Object java.lang.invoke.Invokers$Holder.invokeExact_MT(java.lang.Object, java.lang.Object, java.lang.Object, java.lang.Object, java.lang.Object, java.lang.Object)'> (0x0000000089923870) 
thrown [s\open\src\hotspot\share\interpreter\linkResolver.cpp, line 774]
Event: 1.918 Thread 0x0000015424587320 Exception <a 'java/lang/NoSuchMethodError'{0x00000000892fcc80}: 'void java.lang.invoke.DirectMethodHandle$Holder.invokeSpecial(java.lang.Object, java.lang.Object, java.lang.Object)'> (0x00000000892fcc80) 
thrown [s\open\src\hotspot\share\interpreter\linkResolver.cpp, line 774]
Event: 1.923 Thread 0x0000015424587320 Exception <a 'java/lang/NoSuchMethodError'{0x0000000088f235d8}: 'void java.lang.invoke.Invokers$Holder.invokeExact_MT(java.lang.Object, java.lang.Object, java.lang.Object, java.lang.Object)'> (0x0000000088f235d8) 
thrown [s\open\src\hotspot\share\interpreter\linkResolver.cpp, line 774]
Event: 1.948 Thread 0x0000015424587320 Exception <a 'java/lang/NoClassDefFoundError'{0x0000000088fae5d8}: com/google/inject/servlet/ServletModuleTargetVisitor> (0x0000000088fae5d8) 
thrown [s\open\src\hotspot\share\classfile\systemDictionary.cpp, line 302]
Event: 1.993 Thread 0x0000015424587320 Exception <a 'java/lang/NoSuchMethodError'{0x0000000088e91ad0}: 'java.lang.Object java.lang.invoke.DirectMethodHandle$Holder.invokeStatic(java.lang.Object, java.lang.Object, int)'> (0x0000000088e91ad0) 
thrown [s\open\src\hotspot\share\interpreter\linkResolver.cpp, line 774]
Event: 1.996 Thread 0x0000015424587320 Exception <a 'java/lang/NoSuchMethodError'{0x0000000088e96ba0}: 'void java.lang.invoke.DirectMethodHandle$Holder.invokeStatic(java.lang.Object, java.lang.Object, int, java.lang.Object)'> (0x0000000088e96ba0) 
thrown [s\open\src\hotspot\share\interpreter\linkResolver.cpp, line 774]
Event: 1.998 Thread 0x0000015424587320 Exception <a 'java/lang/NoSuchMethodError'{0x0000000088e9e6d0}: 'void java.lang.invoke.DelegatingMethodHandle$Holder.delegate(java.lang.Object, java.lang.Object, int, java.lang.Object)'> (0x0000000088e9e6d0) 
thrown [s\open\src\hotspot\share\interpreter\linkResolver.cpp, line 774]
Event: 1.998 Thread 0x0000015424587320 Exception <a 'java/lang/NoSuchMethodError'{0x0000000088ea2d20}: 'int java.lang.invoke.DirectMethodHandle$Holder.invokeSpecial(java.lang.Object, java.lang.Object, java.lang.Object)'> (0x0000000088ea2d20) 
thrown [s\open\src\hotspot\share\interpreter\linkResolver.cpp, line 774]
Event: 2.036 Thread 0x0000015424587320 Exception <a 'java/lang/NoSuchMethodError'{0x0000000088c4b1c8}: 'java.lang.Object java.lang.invoke.DirectMethodHandle$Holder.newInvokeSpecial(java.lang.Object, java.lang.Object, java.lang.Object, java.lang.Object, java.lang.Object, java.lang.Object, java.lang.Object)'> (0x0000000088c4b1c8) 
thrown [s\open\src\hotspot\share\interpreter\linkResolver.cpp, line 774]
Event: 2.045 Thread 0x0000015424587320 Exception <a 'java/lang/NoSuchMethodError'{0x0000000088c84b50}: 'java.lang.Object java.lang.invoke.DirectMethodHandle$Holder.newInvokeSpecial(java.lang.Object, java.lang.Object, java.lang.Object, java.lang.Object, java.lang.Object, java.lang.Object, java.lang.Object, java.lang.Object, java.lang.Object)'> (0x0000000088c84b50) 
thrown [s\open\src\hotspot\share\interpreter\linkResolver.cpp, line 774]

ZGC Phase Switch (0 events):
No events

VM Operations (20 events):
Event: 0.792 Executing VM operation: G1CollectForAllocation (G1 Evacuation Pause)
Event: 0.802 Executing VM operation: G1CollectForAllocation (G1 Evacuation Pause) done
Event: 1.168 Executing VM operation: HandshakeAllThreads (Deoptimize)
Event: 1.168 Executing VM operation: HandshakeAllThreads (Deoptimize) done
Event: 1.365 Executing VM operation: G1CollectForAllocation (G1 Evacuation Pause)
Event: 1.369 Executing VM operation: G1CollectForAllocation (G1 Evacuation Pause) done
Event: 1.468 Executing VM operation: HandshakeAllThreads (Deoptimize)
Event: 1.468 Executing VM operation: HandshakeAllThreads (Deoptimize) done
Event: 1.491 Executing VM operation: HandshakeAllThreads (Deoptimize)
Event: 1.491 Executing VM operation: HandshakeAllThreads (Deoptimize) done
Event: 1.829 Executing VM operation: HandshakeAllThreads (Deoptimize)
Event: 1.829 Executing VM operation: HandshakeAllThreads (Deoptimize) done
Event: 1.831 Executing VM operation: HandshakeAllThreads (Deoptimize)
Event: 1.831 Executing VM operation: HandshakeAllThreads (Deoptimize) done
Event: 1.917 Executing VM operation: HandshakeAllThreads (Deoptimize)
Event: 1.917 Executing VM operation: HandshakeAllThreads (Deoptimize) done
Event: 1.937 Executing VM operation: ICBufferFull
Event: 1.937 Executing VM operation: ICBufferFull done
Event: 1.992 Executing VM operation: HandshakeAllThreads (Deoptimize)
Event: 1.992 Executing VM operation: HandshakeAllThreads (Deoptimize) done

Events (14 events):
Event: 0.048 Thread 0x0000015424587320 Thread added: 0x0000015424587320
Event: 0.060 Thread 0x00000154403b9e20 Thread added: 0x00000154403b9e20
Event: 0.060 Thread 0x00000154403baef0 Thread added: 0x00000154403baef0
Event: 0.060 Thread 0x00000154403c7ab0 Thread added: 0x00000154403c7ab0
Event: 0.060 Thread 0x00000154403c8510 Thread added: 0x00000154403c8510
Event: 0.060 Thread 0x00000154403c98c0 Thread added: 0x00000154403c98c0
Event: 0.061 Thread 0x00000154403cac10 Thread added: 0x00000154403cac10
Event: 0.061 Thread 0x00000154403cbb50 Thread added: 0x00000154403cbb50
Event: 0.062 Thread 0x00000154403ccd70 Thread added: 0x00000154403ccd70
Event: 0.089 Thread 0x0000015440607f80 Thread added: 0x0000015440607f80
Event: 0.142 Thread 0x00000154407a1d80 Thread added: 0x00000154407a1d80
Event: 0.142 Thread 0x00000154407a23f0 Thread added: 0x00000154407a23f0
Event: 0.926 Thread 0x0000015486821020 Thread added: 0x0000015486821020
Event: 1.772 Thread 0x0000015486821020 Thread exited: 0x0000015486821020


Dynamic libraries:
0x00007ff6d4610000 - 0x00007ff6d461e000 	C:\Users\HUAWEI\.jdks\openjdk-22.0.1\bin\java.exe
0x00007ffab7710000 - 0x00007ffab7926000 	C:\WINDOWS\SYSTEM32\ntdll.dll
0x00007ffab6ae0000 - 0x00007ffab6ba4000 	C:\WINDOWS\System32\KERNEL32.DLL
0x00007ffab4dd0000 - 0x00007ffab5177000 	C:\WINDOWS\System32\KERNELBASE.dll
0x00007ffab4cb0000 - 0x00007ffab4dc1000 	C:\WINDOWS\System32\ucrtbase.dll
0x00007ffa9b130000 - 0x00007ffa9b147000 	C:\Users\HUAWEI\.jdks\openjdk-22.0.1\bin\jli.dll
0x00007ffab6700000 - 0x00007ffab68ae000 	C:\WINDOWS\System32\USER32.dll
0x00007ffab4a30000 - 0x00007ffab4a56000 	C:\WINDOWS\System32\win32u.dll
0x00007ffab68b0000 - 0x00007ffab68d9000 	C:\WINDOWS\System32\GDI32.dll
0x00007ffab4b90000 - 0x00007ffab4ca9000 	C:\WINDOWS\System32\gdi32full.dll
0x00007ffab5180000 - 0x00007ffab521a000 	C:\WINDOWS\System32\msvcp_win.dll
0x00007ffa9adf0000 - 0x00007ffa9ae0b000 	C:\Users\HUAWEI\.jdks\openjdk-22.0.1\bin\VCRUNTIME140.dll
0x00007ffa9eb10000 - 0x00007ffa9eda3000 	C:\WINDOWS\WinSxS\amd64_microsoft.windows.common-controls_6595b64144ccf1df_6.0.22621.3235_none_270f74e173860f98\COMCTL32.dll
0x00007ffab6fc0000 - 0x00007ffab7067000 	C:\WINDOWS\System32\msvcrt.dll
0x00007ffab6260000 - 0x00007ffab6291000 	C:\WINDOWS\System32\IMM32.DLL
0x00007ffa9b180000 - 0x00007ffa9b18c000 	C:\Users\HUAWEI\.jdks\openjdk-22.0.1\bin\vcruntime140_1.dll
0x00007ffa25de0000 - 0x00007ffa25e6e000 	C:\Users\HUAWEI\.jdks\openjdk-22.0.1\bin\msvcp140.dll
0x00007ff9dd020000 - 0x00007ff9ddd67000 	C:\Users\HUAWEI\.jdks\openjdk-22.0.1\bin\server\jvm.dll
0x00007ffab62a0000 - 0x00007ffab6352000 	C:\WINDOWS\System32\ADVAPI32.dll
0x00007ffab68e0000 - 0x00007ffab6988000 	C:\WINDOWS\System32\sechost.dll
0x00007ffab52a0000 - 0x00007ffab52c8000 	C:\WINDOWS\System32\bcrypt.dll
0x00007ffab69a0000 - 0x00007ffab6ab5000 	C:\WINDOWS\System32\RPCRT4.dll
0x00007ffab75f0000 - 0x00007ffab7661000 	C:\WINDOWS\System32\WS2_32.dll
0x00007ffab4900000 - 0x00007ffab494d000 	C:\WINDOWS\SYSTEM32\POWRPROF.dll
0x00007ffaab4f0000 - 0x00007ffaab524000 	C:\WINDOWS\SYSTEM32\WINMM.dll
0x00007ffaa6340000 - 0x00007ffaa634a000 	C:\WINDOWS\SYSTEM32\VERSION.dll
0x00007ffab48e0000 - 0x00007ffab48f3000 	C:\WINDOWS\SYSTEM32\UMPDC.dll
0x00007ffab3a70000 - 0x00007ffab3a88000 	C:\WINDOWS\SYSTEM32\kernel.appcore.dll
0x00007ffa838a0000 - 0x00007ffa838aa000 	C:\Users\HUAWEI\.jdks\openjdk-22.0.1\bin\jimage.dll
0x00007ffaa2660000 - 0x00007ffaa2893000 	C:\WINDOWS\SYSTEM32\DBGHELP.DLL
0x00007ffab6360000 - 0x00007ffab66e8000 	C:\WINDOWS\System32\combase.dll
0x00007ffab6180000 - 0x00007ffab6257000 	C:\WINDOWS\System32\OLEAUT32.dll
0x00007ffa96210000 - 0x00007ffa96242000 	C:\WINDOWS\SYSTEM32\dbgcore.DLL
0x00007ffab5220000 - 0x00007ffab5299000 	C:\WINDOWS\System32\bcryptPrimitives.dll
0x00007ffa9b150000 - 0x00007ffa9b15f000 	C:\Users\HUAWEI\.jdks\openjdk-22.0.1\bin\instrument.dll
0x00007ffa83880000 - 0x00007ffa8389e000 	C:\Users\HUAWEI\.jdks\openjdk-22.0.1\bin\java.dll
0x00007ffab5440000 - 0x00007ffab5c9c000 	C:\WINDOWS\System32\SHELL32.dll
0x00007ffab6e10000 - 0x00007ffab6fb5000 	C:\WINDOWS\System32\ole32.dll
0x00007ffab2990000 - 0x00007ffab3289000 	C:\WINDOWS\SYSTEM32\windows.storage.dll
0x00007ffab2850000 - 0x00007ffab298e000 	C:\WINDOWS\SYSTEM32\wintypes.dll
0x00007ffab6bb0000 - 0x00007ffab6ca3000 	C:\WINDOWS\System32\SHCORE.dll
0x00007ffab6120000 - 0x00007ffab617e000 	C:\WINDOWS\System32\shlwapi.dll
0x00007ffab4960000 - 0x00007ffab4981000 	C:\WINDOWS\SYSTEM32\profapi.dll
0x00007ffa23530000 - 0x00007ffa23607000 	C:\Users\HUAWEI\.jdks\openjdk-22.0.1\bin\jsvml.dll
0x00007ffa522c0000 - 0x00007ffa522d7000 	C:\Users\HUAWEI\.jdks\openjdk-22.0.1\bin\zip.dll
0x00007ffa83870000 - 0x00007ffa83880000 	C:\Users\HUAWEI\.jdks\openjdk-22.0.1\bin\net.dll
0x00007ffab3ee0000 - 0x00007ffab3f49000 	C:\WINDOWS\system32\mswsock.dll
0x00007ffa56f20000 - 0x00007ffa56f36000 	C:\Users\HUAWEI\.jdks\openjdk-22.0.1\bin\nio.dll
0x00007ffa53e30000 - 0x00007ffa53e4a000 	D:\Program Files\JetBrains\IntelliJ IDEA 2023.2.1\bin\breakgen64.dll
0x00007ffa5fec0000 - 0x00007ffa5fec9000 	C:\Users\HUAWEI\.jdks\openjdk-22.0.1\bin\extnet.dll
0x0000000069ac0000 - 0x0000000069ae4000 	C:\Users\HUAWEI\AppData\Local\Temp\jansi-2.4.0-d3cca2a00d9bf726-jansi.dll
0x00007ffa53400000 - 0x00007ffa53410000 	C:\Users\HUAWEI\.jdks\openjdk-22.0.1\bin\verify.dll

dbghelp: loaded successfully - version: 4.0.5 - missing functions: none
symbol engine: initialized successfully - sym options: 0x614 - pdb path: .;C:\Users\HUAWEI\.jdks\openjdk-22.0.1\bin;C:\WINDOWS\SYSTEM32;C:\WINDOWS\WinSxS\amd64_microsoft.windows.common-controls_6595b64144ccf1df_6.0.22621.3235_none_270f74e173860f98;C:\Users\HUAWEI\.jdks\openjdk-22.0.1\bin\server;D:\Program Files\JetBrains\IntelliJ IDEA 2023.2.1\bin;C:\Users\HUAWEI\AppData\Local\Temp

VM Arguments:
jvm_args: -Dmaven.multiModuleProjectDirectory=C:\Users\HUAWEI\Desktop\sirine hamzaoui\PiJava -Djansi.passthrough=true -Dmaven.home=C:\Users\HUAWEI\.m2\wrapper\dists\apache-maven-3.8.5-bin\5i5jha092a3i37g0paqnfr15e0\apache-maven-3.8.5 -Dclassworlds.conf=C:\Users\HUAWEI\.m2\wrapper\dists\apache-maven-3.8.5-bin\5i5jha092a3i37g0paqnfr15e0\apache-maven-3.8.5\bin\m2.conf -Dmaven.ext.class.path=D:\Program Files\JetBrains\IntelliJ IDEA 2023.2.1\plugins\maven\lib\maven-event-listener.jar -javaagent:D:\Program Files\JetBrains\IntelliJ IDEA 2023.2.1\lib\idea_rt.jar=28401:D:\Program Files\JetBrains\IntelliJ IDEA 2023.2.1\bin -Dfile.encoding=UTF-8 -Dsun.stdout.encoding=UTF-8 -Dsun.stderr.encoding=UTF-8 
java_command: org.codehaus.classworlds.Launcher -Didea.version=2023.2.1 org.openjfx:javafx-maven-plugin:0.0.8:run
java_class_path (initial): C:\Users\HUAWEI\.m2\wrapper\dists\apache-maven-3.8.5-bin\5i5jha092a3i37g0paqnfr15e0\apache-maven-3.8.5\boot\plexus-classworlds-2.6.0.jar;C:\Users\HUAWEI\.m2\wrapper\dists\apache-maven-3.8.5-bin\5i5jha092a3i37g0paqnfr15e0\apache-maven-3.8.5\boot\plexus-classworlds.license
Launcher Type: SUN_STANDARD

[Global flags]
     intx CICompilerCount                          = 3                                         {product} {ergonomic}
     uint ConcGCThreads                            = 1                                         {product} {ergonomic}
     uint G1ConcRefinementThreads                  = 4                                         {product} {ergonomic}
   size_t G1HeapRegionSize                         = 1048576                                   {product} {ergonomic}
   size_t InitialHeapSize                          = 132120576                                 {product} {ergonomic}
   size_t MarkStackSize                            = 4194304                                   {product} {ergonomic}
   size_t MaxHeapSize                              = 2105540608                                {product} {ergonomic}
   size_t MaxNewSize                               = 1262485504                                {product} {ergonomic}
   size_t MinHeapDeltaBytes                        = 1048576                                   {product} {ergonomic}
   size_t MinHeapSize                              = 8388608                                   {product} {ergonomic}
    uintx NonNMethodCodeHeapSize                   = 5832780                                {pd product} {ergonomic}
    uintx NonProfiledCodeHeapSize                  = 122912730                              {pd product} {ergonomic}
    uintx ProfiledCodeHeapSize                     = 122912730                              {pd product} {ergonomic}
    uintx ReservedCodeCacheSize                    = 251658240                              {pd product} {ergonomic}
     bool SegmentedCodeCache                       = true                                      {product} {ergonomic}
   size_t SoftMaxHeapSize                          = 2105540608                             {manageable} {ergonomic}
     bool UseCompressedOops                        = true                           {product lp64_product} {ergonomic}
     bool UseG1GC                                  = true                                      {product} {ergonomic}
     bool UseLargePagesIndividualAllocation        = false                                  {pd product} {ergonomic}

Logging:
Log output configuration:
 #0: stdout all=warning uptime,level,tags foldmultilines=false
 #1: stderr all=off uptime,level,tags foldmultilines=false

Environment Variables:
JAVA_HOME=C:\Users\HUAWEI\.jdks\corretto-17.0.11
PATH=C:\Users\HUAWEI\.jdks\corretto-17.0.11\bin;C:\oraclexe\app\oracle\product\11.2.0\server\bin;C:\Windows\System32\HWAudioDriverLibs;C:\Windows\system32;C:\Windows;C:\Windows\System32\Wbem;C:\Windows\System32\WindowsPowerShell\v1.0\;C:\Windows\System32\OpenSSH\;C:\Windows\system32\config\systemprofile\AppData\Local\Microsoft\WindowsApps;C:\Program Files\nodejs\;C:\WINDOWS\system32;C:\WINDOWS;C:\WINDOWS\System32\Wbem;C:\WINDOWS\System32\WindowsPowerShell\v1.0\;C:\WINDOWS\System32\OpenSSH\;C:\xampp\php;C:\Program Files\Git\cmd;C:\Program Files (x86)\Git\cmd;C:\Users\HUAWEI\scoop\shims;C:\Users\HUAWEI\AppData\Local\Microsoft\WindowsApps;;C:\Users\HUAWEI\AppData\Local\Programs\Microsoft VS Code\bin;C:\Users\HUAWEI\AppData\Roaming\npm;C:\Users\HUAWEI\AppData\Local\ComposerSetup\bin;C:\Users\HUAWEI\AppData\Roaming\Composer\vendor\bin
USERNAME=HUAWEI
OS=Windows_NT
PROCESSOR_IDENTIFIER=Intel64 Family 6 Model 142 Stepping 12, GenuineIntel
TMP=C:\Users\HUAWEI\AppData\Local\Temp
TEMP=C:\Users\HUAWEI\AppData\Local\Temp




Periodic native trim disabled

---------------  S Y S T E M  ---------------

OS:
 Windows 11 , 64 bit Build 22621 (10.0.22621.3374)
OS uptime: 4 days 19:57 hours

CPU: total 4 (initial active 4) (2 cores per cpu, 2 threads per core) family 6 model 142 stepping 12 microcode 0xde, cx8, cmov, fxsr, ht, mmx, 3dnowpref, sse, sse2, sse3, ssse3, sse4.1, sse4.2, popcnt, lzcnt, tsc, tscinvbit, avx, avx2, aes, erms, clmul, bmi1, bmi2, adx, fma, vzeroupper, clflush, clflushopt, rdtscp, f16c
Processor Information for all 4 processors :
  Max Mhz: 2592, Current Mhz: 2592, Mhz Limit: 2073

Memory: 4k page, system-wide physical 8025M (1144M free)
TotalPageFile size 16391M (AvailPageFile size 5M)
current process WorkingSet (physical memory assigned to process): 100M, peak: 100M
current process commit charge ("private bytes"): 230M, peak: 230M

vm_info: OpenJDK 64-Bit Server VM (22.0.1+8-16) for windows-amd64 JRE (22.0.1+8-16), built on 2024-03-12T10:33:16Z by "mach5one" with MS VC++ 17.6 (VS2022)

END.
